<?xml version="1.0" encoding="UTF-8"?>
<testsuites name="Change Password" time="231.463" tests="5" failures="0" errors="0">
   <testsuite name="Change Password" tests="5" failures="0" errors="0" time="231.463" timestamp="2019-12-20 11:07:43" hostname="hieum - MinhHieu" id="Test Suites/Change Password">
      <properties>
         <property name="deviceName" value=""/>
         <property name="devicePlatform" value=""/>
         <property name="logFolder" value="D:\\katalon-mattermost\\Reports\\20191220_110741\\Change Password\\20191220_110741"/>
         <property name="logFiles" value="D:\\katalon-mattermost\\Reports\\20191220_110741\\Change Password\\20191220_110741\\execution0.log"/>
         <property name="attachments" value=""/>
         <property name="hostName" value="hieum - MinhHieu"/>
         <property name="os" value="Windows 10 64bit"/>
         <property name="katalonVersion" value="7.1.2.1"/>
         <property name="browser" value="Firefox 71.0"/>
         <property name="hostAddress" value="10.14.0.39"/>
         <property name="sessionId" value="089f6575-fb87-4385-b441-186fbe083f3a"/>
         <property name="seleniumVersion" value="3.141.59"/>
         <property name="proxyInformation" value="ProxyInformation{proxyOption=NO_PROXY, proxyServerType=HTTP, password=, proxyServerAddress=, proxyServerPort=0, executionList=}"/>
         <property name="platform" value="Windows 10"/>
      </properties>
      <testcase name="Test Cases/Change Password With Correct Procedure" time="66.676" classname="Test Cases/Change Password With Correct Procedure" status="PASSED">
         <system-out><![CDATA[2019-12-20 11:07:43 - [TEST_CASE][PASSED] - Test Cases/Change Password With Correct Procedure: Test Cases/Change Password With Correct Procedure

2019-12-20 11:07:44 - [TEST_STEP][PASSED] - openBrowser(""): Browser is opened with url: ''

2019-12-20 11:07:44 - [MESSAGE][INFO] - Starting 'Firefox' driver

2019-12-20 11:07:44 - [MESSAGE][INFO] - Action delay is set to 0 seconds

2019-12-20 11:07:50 - [MESSAGE][PASSED] - Browser is opened with url: ''

2019-12-20 11:07:50 - [TEST_STEP][PASSED] - navigateToUrl("https://mattermost-usecase.herokuapp.com/"): Navigate to 'https://mattermost-usecase.herokuapp.com/' successfully

2019-12-20 11:08:22 - [MESSAGE][PASSED] - Navigate to 'https://mattermost-usecase.herokuapp.com/' successfully

2019-12-20 11:08:22 - [TEST_STEP][PASSED] - setText(findTestObject("Object Repository/Edit Account Full Name With All Fields Filled/Page_Mattermost/input_All team communication in one place s_703ef5"), "hieuminhnguyen95@gmail.com"): Text 'hieuminhnguyen95@gmail.com' is set on object 'Object Repository/Edit Account Full Name With All Fields Filled/Page_Mattermost/input_All team communication in one place s_703ef5'

2019-12-20 11:08:33 - [MESSAGE][PASSED] - Text 'hieuminhnguyen95@gmail.com' is set on object 'Object Repository/Edit Account Full Name With All Fields Filled/Page_Mattermost/input_All team communication in one place s_703ef5'

2019-12-20 11:08:33 - [TEST_STEP][PASSED] - setText(findTestObject("Object Repository/Edit Account Full Name With All Fields Filled/Page_Mattermost/input_All team communication in one place s_2f2733"), CurrentPW): Text 'hieunhoc1999' is set on object 'Object Repository/Edit Account Full Name With All Fields Filled/Page_Mattermost/input_All team communication in one place s_2f2733'

2019-12-20 11:08:33 - [MESSAGE][PASSED] - Text 'hieunhoc1999' is set on object 'Object Repository/Edit Account Full Name With All Fields Filled/Page_Mattermost/input_All team communication in one place s_2f2733'

2019-12-20 11:08:33 - [TEST_STEP][PASSED] - click(findTestObject("Object Repository/Edit Account Full Name With All Fields Filled/Page_Mattermost/span_Sign in")): Object: 'Object Repository/Edit Account Full Name With All Fields Filled/Page_Mattermost/span_Sign in' is clicked on

2019-12-20 11:08:34 - [MESSAGE][PASSED] - Object: 'Object Repository/Edit Account Full Name With All Fields Filled/Page_Mattermost/span_Sign in' is clicked on

2019-12-20 11:08:34 - [TEST_STEP][PASSED] - click(findTestObject("Object Repository/Change Password With Correct Procedure/Page_Town Square - Squad Mattermost/button_hieudz123_style--none sidebar-header_f9a64e")): Object: 'Object Repository/Change Password With Correct Procedure/Page_Town Square - Squad Mattermost/button_hieudz123_style--none sidebar-header_f9a64e' is clicked on

2019-12-20 11:08:38 - [MESSAGE][PASSED] - Object: 'Object Repository/Change Password With Correct Procedure/Page_Town Square - Squad Mattermost/button_hieudz123_style--none sidebar-header_f9a64e' is clicked on

2019-12-20 11:08:38 - [TEST_STEP][PASSED] - click(findTestObject("Object Repository/Change Password With Correct Procedure/Page_Town Square - Squad Mattermost/button_Account Settings")): Object: 'Object Repository/Change Password With Correct Procedure/Page_Town Square - Squad Mattermost/button_Account Settings' is clicked on

2019-12-20 11:08:39 - [MESSAGE][PASSED] - Object: 'Object Repository/Change Password With Correct Procedure/Page_Town Square - Squad Mattermost/button_Account Settings' is clicked on

2019-12-20 11:08:39 - [TEST_STEP][PASSED] - click(findTestObject("Object Repository/Change Password With Correct Procedure/Page_Town Square - Squad Mattermost/button_Security")): Object: 'Object Repository/Change Password With Correct Procedure/Page_Town Square - Squad Mattermost/button_Security' is clicked on

2019-12-20 11:08:40 - [MESSAGE][PASSED] - Object: 'Object Repository/Change Password With Correct Procedure/Page_Town Square - Squad Mattermost/button_Security' is clicked on

2019-12-20 11:08:40 - [TEST_STEP][PASSED] - click(findTestObject("Object Repository/Change Password With Correct Procedure/Page_Town Square - Squad Mattermost/button_Edit")): Object: 'Object Repository/Change Password With Correct Procedure/Page_Town Square - Squad Mattermost/button_Edit' is clicked on

2019-12-20 11:08:41 - [MESSAGE][PASSED] - Object: 'Object Repository/Change Password With Correct Procedure/Page_Town Square - Squad Mattermost/button_Edit' is clicked on

2019-12-20 11:08:41 - [TEST_STEP][PASSED] - setText(findTestObject("Object Repository/Change Password With Correct Procedure/Page_Town Square - ss Mattermost/input_Current Password_currentPassword"), CurrentPW): Text 'hieunhoc1999' is set on object 'Object Repository/Change Password With Correct Procedure/Page_Town Square - ss Mattermost/input_Current Password_currentPassword'

2019-12-20 11:08:41 - [MESSAGE][PASSED] - Text 'hieunhoc1999' is set on object 'Object Repository/Change Password With Correct Procedure/Page_Town Square - ss Mattermost/input_Current Password_currentPassword'

2019-12-20 11:08:41 - [TEST_STEP][PASSED] - setText(findTestObject("Object Repository/Change Password With Correct Procedure/Page_Town Square - ss Mattermost/input_New Password_newPassword"), NewPW): Text '1234567890' is set on object 'Object Repository/Change Password With Correct Procedure/Page_Town Square - ss Mattermost/input_New Password_newPassword'

2019-12-20 11:08:42 - [MESSAGE][PASSED] - Text '1234567890' is set on object 'Object Repository/Change Password With Correct Procedure/Page_Town Square - ss Mattermost/input_New Password_newPassword'

2019-12-20 11:08:42 - [TEST_STEP][PASSED] - setText(findTestObject("Object Repository/Change Password With Correct Procedure/Page_Town Square - ss Mattermost/input_Retype New Password_confirmPassword"), RePW): Text '1234567890' is set on object 'Object Repository/Change Password With Correct Procedure/Page_Town Square - ss Mattermost/input_Retype New Password_confirmPassword'

2019-12-20 11:08:42 - [MESSAGE][PASSED] - Text '1234567890' is set on object 'Object Repository/Change Password With Correct Procedure/Page_Town Square - ss Mattermost/input_Retype New Password_confirmPassword'

2019-12-20 11:08:42 - [TEST_STEP][PASSED] - click(findTestObject("Object Repository/Change Password With Correct Procedure/Page_Town Square - ss Mattermost/span_Save")): Object: 'Object Repository/Change Password With Correct Procedure/Page_Town Square - ss Mattermost/span_Save' is clicked on

2019-12-20 11:08:43 - [MESSAGE][PASSED] - Object: 'Object Repository/Change Password With Correct Procedure/Page_Town Square - ss Mattermost/span_Save' is clicked on

2019-12-20 11:08:43 - [TEST_STEP][PASSED] - delay(3): Delayed 3 second(s)

2019-12-20 11:08:46 - [MESSAGE][PASSED] - Delayed 3 second(s)

2019-12-20 11:08:46 - [TEST_STEP][PASSED] - click(findTestObject("Object Repository/Change Password With Correct Procedure/Page_Town Square - ss Mattermost/span_")): Object: 'Object Repository/Change Password With Correct Procedure/Page_Town Square - ss Mattermost/span_' is clicked on

2019-12-20 11:08:46 - [MESSAGE][PASSED] - Object: 'Object Repository/Change Password With Correct Procedure/Page_Town Square - ss Mattermost/span_' is clicked on

2019-12-20 11:08:46 - [TEST_STEP][PASSED] - closeBrowser(): Browser is closed

2019-12-20 11:08:50 - [MESSAGE][PASSED] - Browser is closed]]></system-out>
         <system-err><![CDATA[]]></system-err>
      </testcase>
      <testcase name="Test Cases/Change Password With Correct Procedure" time="41.949" classname="Test Cases/Change Password With Correct Procedure" status="PASSED">
         <system-out><![CDATA[2019-12-20 11:08:50 - [TEST_CASE][PASSED] - Test Cases/Change Password With Correct Procedure: Test Cases/Change Password With Correct Procedure

2019-12-20 11:08:50 - [TEST_STEP][PASSED] - openBrowser(""): Browser is opened with url: ''

2019-12-20 11:08:50 - [MESSAGE][INFO] - Starting 'Firefox' driver

2019-12-20 11:08:55 - [MESSAGE][PASSED] - Browser is opened with url: ''

2019-12-20 11:08:55 - [TEST_STEP][PASSED] - navigateToUrl("https://mattermost-usecase.herokuapp.com/"): Navigate to 'https://mattermost-usecase.herokuapp.com/' successfully

2019-12-20 11:09:07 - [MESSAGE][PASSED] - Navigate to 'https://mattermost-usecase.herokuapp.com/' successfully

2019-12-20 11:09:07 - [TEST_STEP][PASSED] - setText(findTestObject("Object Repository/Edit Account Full Name With All Fields Filled/Page_Mattermost/input_All team communication in one place s_703ef5"), "hieuminhnguyen95@gmail.com"): Text 'hieuminhnguyen95@gmail.com' is set on object 'Object Repository/Edit Account Full Name With All Fields Filled/Page_Mattermost/input_All team communication in one place s_703ef5'

2019-12-20 11:09:15 - [MESSAGE][PASSED] - Text 'hieuminhnguyen95@gmail.com' is set on object 'Object Repository/Edit Account Full Name With All Fields Filled/Page_Mattermost/input_All team communication in one place s_703ef5'

2019-12-20 11:09:15 - [TEST_STEP][PASSED] - setText(findTestObject("Object Repository/Edit Account Full Name With All Fields Filled/Page_Mattermost/input_All team communication in one place s_2f2733"), CurrentPW): Text '1234567890' is set on object 'Object Repository/Edit Account Full Name With All Fields Filled/Page_Mattermost/input_All team communication in one place s_2f2733'

2019-12-20 11:09:16 - [MESSAGE][PASSED] - Text '1234567890' is set on object 'Object Repository/Edit Account Full Name With All Fields Filled/Page_Mattermost/input_All team communication in one place s_2f2733'

2019-12-20 11:09:16 - [TEST_STEP][PASSED] - click(findTestObject("Object Repository/Edit Account Full Name With All Fields Filled/Page_Mattermost/span_Sign in")): Object: 'Object Repository/Edit Account Full Name With All Fields Filled/Page_Mattermost/span_Sign in' is clicked on

2019-12-20 11:09:16 - [MESSAGE][PASSED] - Object: 'Object Repository/Edit Account Full Name With All Fields Filled/Page_Mattermost/span_Sign in' is clicked on

2019-12-20 11:09:16 - [TEST_STEP][PASSED] - click(findTestObject("Object Repository/Change Password With Correct Procedure/Page_Town Square - Squad Mattermost/button_hieudz123_style--none sidebar-header_f9a64e")): Object: 'Object Repository/Change Password With Correct Procedure/Page_Town Square - Squad Mattermost/button_hieudz123_style--none sidebar-header_f9a64e' is clicked on

2019-12-20 11:09:20 - [MESSAGE][PASSED] - Object: 'Object Repository/Change Password With Correct Procedure/Page_Town Square - Squad Mattermost/button_hieudz123_style--none sidebar-header_f9a64e' is clicked on

2019-12-20 11:09:20 - [TEST_STEP][PASSED] - click(findTestObject("Object Repository/Change Password With Correct Procedure/Page_Town Square - Squad Mattermost/button_Account Settings")): Object: 'Object Repository/Change Password With Correct Procedure/Page_Town Square - Squad Mattermost/button_Account Settings' is clicked on

2019-12-20 11:09:21 - [MESSAGE][PASSED] - Object: 'Object Repository/Change Password With Correct Procedure/Page_Town Square - Squad Mattermost/button_Account Settings' is clicked on

2019-12-20 11:09:21 - [TEST_STEP][PASSED] - click(findTestObject("Object Repository/Change Password With Correct Procedure/Page_Town Square - Squad Mattermost/button_Security")): Object: 'Object Repository/Change Password With Correct Procedure/Page_Town Square - Squad Mattermost/button_Security' is clicked on

2019-12-20 11:09:22 - [MESSAGE][PASSED] - Object: 'Object Repository/Change Password With Correct Procedure/Page_Town Square - Squad Mattermost/button_Security' is clicked on

2019-12-20 11:09:22 - [TEST_STEP][PASSED] - click(findTestObject("Object Repository/Change Password With Correct Procedure/Page_Town Square - Squad Mattermost/button_Edit")): Object: 'Object Repository/Change Password With Correct Procedure/Page_Town Square - Squad Mattermost/button_Edit' is clicked on

2019-12-20 11:09:23 - [MESSAGE][PASSED] - Object: 'Object Repository/Change Password With Correct Procedure/Page_Town Square - Squad Mattermost/button_Edit' is clicked on

2019-12-20 11:09:23 - [TEST_STEP][PASSED] - setText(findTestObject("Object Repository/Change Password With Correct Procedure/Page_Town Square - ss Mattermost/input_Current Password_currentPassword"), CurrentPW): Text '1234567890' is set on object 'Object Repository/Change Password With Correct Procedure/Page_Town Square - ss Mattermost/input_Current Password_currentPassword'

2019-12-20 11:09:23 - [MESSAGE][PASSED] - Text '1234567890' is set on object 'Object Repository/Change Password With Correct Procedure/Page_Town Square - ss Mattermost/input_Current Password_currentPassword'

2019-12-20 11:09:23 - [TEST_STEP][PASSED] - setText(findTestObject("Object Repository/Change Password With Correct Procedure/Page_Town Square - ss Mattermost/input_New Password_newPassword"), NewPW): Text 'minhhieu' is set on object 'Object Repository/Change Password With Correct Procedure/Page_Town Square - ss Mattermost/input_New Password_newPassword'

2019-12-20 11:09:24 - [MESSAGE][PASSED] - Text 'minhhieu' is set on object 'Object Repository/Change Password With Correct Procedure/Page_Town Square - ss Mattermost/input_New Password_newPassword'

2019-12-20 11:09:24 - [TEST_STEP][PASSED] - setText(findTestObject("Object Repository/Change Password With Correct Procedure/Page_Town Square - ss Mattermost/input_Retype New Password_confirmPassword"), RePW): Text 'minhhieu' is set on object 'Object Repository/Change Password With Correct Procedure/Page_Town Square - ss Mattermost/input_Retype New Password_confirmPassword'

2019-12-20 11:09:24 - [MESSAGE][PASSED] - Text 'minhhieu' is set on object 'Object Repository/Change Password With Correct Procedure/Page_Town Square - ss Mattermost/input_Retype New Password_confirmPassword'

2019-12-20 11:09:24 - [TEST_STEP][PASSED] - click(findTestObject("Object Repository/Change Password With Correct Procedure/Page_Town Square - ss Mattermost/span_Save")): Object: 'Object Repository/Change Password With Correct Procedure/Page_Town Square - ss Mattermost/span_Save' is clicked on

2019-12-20 11:09:25 - [MESSAGE][PASSED] - Object: 'Object Repository/Change Password With Correct Procedure/Page_Town Square - ss Mattermost/span_Save' is clicked on

2019-12-20 11:09:25 - [TEST_STEP][PASSED] - delay(3): Delayed 3 second(s)

2019-12-20 11:09:28 - [MESSAGE][PASSED] - Delayed 3 second(s)

2019-12-20 11:09:28 - [TEST_STEP][PASSED] - click(findTestObject("Object Repository/Change Password With Correct Procedure/Page_Town Square - ss Mattermost/span_")): Object: 'Object Repository/Change Password With Correct Procedure/Page_Town Square - ss Mattermost/span_' is clicked on

2019-12-20 11:09:28 - [MESSAGE][PASSED] - Object: 'Object Repository/Change Password With Correct Procedure/Page_Town Square - ss Mattermost/span_' is clicked on

2019-12-20 11:09:28 - [TEST_STEP][PASSED] - closeBrowser(): Browser is closed

2019-12-20 11:09:32 - [MESSAGE][PASSED] - Browser is closed]]></system-out>
         <system-err><![CDATA[]]></system-err>
      </testcase>
      <testcase name="Test Cases/Change Password With Correct Procedure" time="44.494" classname="Test Cases/Change Password With Correct Procedure" status="PASSED">
         <system-out><![CDATA[2019-12-20 11:09:32 - [TEST_CASE][PASSED] - Test Cases/Change Password With Correct Procedure: Test Cases/Change Password With Correct Procedure

2019-12-20 11:09:32 - [TEST_STEP][PASSED] - openBrowser(""): Browser is opened with url: ''

2019-12-20 11:09:32 - [MESSAGE][INFO] - Starting 'Firefox' driver

2019-12-20 11:09:37 - [MESSAGE][PASSED] - Browser is opened with url: ''

2019-12-20 11:09:37 - [TEST_STEP][PASSED] - navigateToUrl("https://mattermost-usecase.herokuapp.com/"): Navigate to 'https://mattermost-usecase.herokuapp.com/' successfully

2019-12-20 11:09:50 - [MESSAGE][PASSED] - Navigate to 'https://mattermost-usecase.herokuapp.com/' successfully

2019-12-20 11:09:50 - [TEST_STEP][PASSED] - setText(findTestObject("Object Repository/Edit Account Full Name With All Fields Filled/Page_Mattermost/input_All team communication in one place s_703ef5"), "hieuminhnguyen95@gmail.com"): Text 'hieuminhnguyen95@gmail.com' is set on object 'Object Repository/Edit Account Full Name With All Fields Filled/Page_Mattermost/input_All team communication in one place s_703ef5'

2019-12-20 11:09:59 - [MESSAGE][PASSED] - Text 'hieuminhnguyen95@gmail.com' is set on object 'Object Repository/Edit Account Full Name With All Fields Filled/Page_Mattermost/input_All team communication in one place s_703ef5'

2019-12-20 11:09:59 - [TEST_STEP][PASSED] - setText(findTestObject("Object Repository/Edit Account Full Name With All Fields Filled/Page_Mattermost/input_All team communication in one place s_2f2733"), CurrentPW): Text 'minhhieu' is set on object 'Object Repository/Edit Account Full Name With All Fields Filled/Page_Mattermost/input_All team communication in one place s_2f2733'

2019-12-20 11:09:59 - [MESSAGE][PASSED] - Text 'minhhieu' is set on object 'Object Repository/Edit Account Full Name With All Fields Filled/Page_Mattermost/input_All team communication in one place s_2f2733'

2019-12-20 11:09:59 - [TEST_STEP][PASSED] - click(findTestObject("Object Repository/Edit Account Full Name With All Fields Filled/Page_Mattermost/span_Sign in")): Object: 'Object Repository/Edit Account Full Name With All Fields Filled/Page_Mattermost/span_Sign in' is clicked on

2019-12-20 11:10:00 - [MESSAGE][PASSED] - Object: 'Object Repository/Edit Account Full Name With All Fields Filled/Page_Mattermost/span_Sign in' is clicked on

2019-12-20 11:10:00 - [TEST_STEP][PASSED] - click(findTestObject("Object Repository/Change Password With Correct Procedure/Page_Town Square - Squad Mattermost/button_hieudz123_style--none sidebar-header_f9a64e")): Object: 'Object Repository/Change Password With Correct Procedure/Page_Town Square - Squad Mattermost/button_hieudz123_style--none sidebar-header_f9a64e' is clicked on

2019-12-20 11:10:04 - [MESSAGE][PASSED] - Object: 'Object Repository/Change Password With Correct Procedure/Page_Town Square - Squad Mattermost/button_hieudz123_style--none sidebar-header_f9a64e' is clicked on

2019-12-20 11:10:04 - [TEST_STEP][PASSED] - click(findTestObject("Object Repository/Change Password With Correct Procedure/Page_Town Square - Squad Mattermost/button_Account Settings")): Object: 'Object Repository/Change Password With Correct Procedure/Page_Town Square - Squad Mattermost/button_Account Settings' is clicked on

2019-12-20 11:10:05 - [MESSAGE][PASSED] - Object: 'Object Repository/Change Password With Correct Procedure/Page_Town Square - Squad Mattermost/button_Account Settings' is clicked on

2019-12-20 11:10:05 - [TEST_STEP][PASSED] - click(findTestObject("Object Repository/Change Password With Correct Procedure/Page_Town Square - Squad Mattermost/button_Security")): Object: 'Object Repository/Change Password With Correct Procedure/Page_Town Square - Squad Mattermost/button_Security' is clicked on

2019-12-20 11:10:06 - [MESSAGE][PASSED] - Object: 'Object Repository/Change Password With Correct Procedure/Page_Town Square - Squad Mattermost/button_Security' is clicked on

2019-12-20 11:10:06 - [TEST_STEP][PASSED] - click(findTestObject("Object Repository/Change Password With Correct Procedure/Page_Town Square - Squad Mattermost/button_Edit")): Object: 'Object Repository/Change Password With Correct Procedure/Page_Town Square - Squad Mattermost/button_Edit' is clicked on

2019-12-20 11:10:07 - [MESSAGE][PASSED] - Object: 'Object Repository/Change Password With Correct Procedure/Page_Town Square - Squad Mattermost/button_Edit' is clicked on

2019-12-20 11:10:07 - [TEST_STEP][PASSED] - setText(findTestObject("Object Repository/Change Password With Correct Procedure/Page_Town Square - ss Mattermost/input_Current Password_currentPassword"), CurrentPW): Text 'minhhieu' is set on object 'Object Repository/Change Password With Correct Procedure/Page_Town Square - ss Mattermost/input_Current Password_currentPassword'

2019-12-20 11:10:07 - [MESSAGE][PASSED] - Text 'minhhieu' is set on object 'Object Repository/Change Password With Correct Procedure/Page_Town Square - ss Mattermost/input_Current Password_currentPassword'

2019-12-20 11:10:07 - [TEST_STEP][PASSED] - setText(findTestObject("Object Repository/Change Password With Correct Procedure/Page_Town Square - ss Mattermost/input_New Password_newPassword"), NewPW): Text 'hieu1999' is set on object 'Object Repository/Change Password With Correct Procedure/Page_Town Square - ss Mattermost/input_New Password_newPassword'

2019-12-20 11:10:07 - [MESSAGE][PASSED] - Text 'hieu1999' is set on object 'Object Repository/Change Password With Correct Procedure/Page_Town Square - ss Mattermost/input_New Password_newPassword'

2019-12-20 11:10:07 - [TEST_STEP][PASSED] - setText(findTestObject("Object Repository/Change Password With Correct Procedure/Page_Town Square - ss Mattermost/input_Retype New Password_confirmPassword"), RePW): Text 'hieu1999' is set on object 'Object Repository/Change Password With Correct Procedure/Page_Town Square - ss Mattermost/input_Retype New Password_confirmPassword'

2019-12-20 11:10:08 - [MESSAGE][PASSED] - Text 'hieu1999' is set on object 'Object Repository/Change Password With Correct Procedure/Page_Town Square - ss Mattermost/input_Retype New Password_confirmPassword'

2019-12-20 11:10:08 - [TEST_STEP][PASSED] - click(findTestObject("Object Repository/Change Password With Correct Procedure/Page_Town Square - ss Mattermost/span_Save")): Object: 'Object Repository/Change Password With Correct Procedure/Page_Town Square - ss Mattermost/span_Save' is clicked on

2019-12-20 11:10:09 - [MESSAGE][PASSED] - Object: 'Object Repository/Change Password With Correct Procedure/Page_Town Square - ss Mattermost/span_Save' is clicked on

2019-12-20 11:10:09 - [TEST_STEP][PASSED] - delay(3): Delayed 3 second(s)

2019-12-20 11:10:12 - [MESSAGE][PASSED] - Delayed 3 second(s)

2019-12-20 11:10:12 - [TEST_STEP][PASSED] - click(findTestObject("Object Repository/Change Password With Correct Procedure/Page_Town Square - ss Mattermost/span_")): Object: 'Object Repository/Change Password With Correct Procedure/Page_Town Square - ss Mattermost/span_' is clicked on

2019-12-20 11:10:12 - [MESSAGE][PASSED] - Object: 'Object Repository/Change Password With Correct Procedure/Page_Town Square - ss Mattermost/span_' is clicked on

2019-12-20 11:10:12 - [TEST_STEP][PASSED] - closeBrowser(): Browser is closed

2019-12-20 11:10:16 - [MESSAGE][PASSED] - Browser is closed]]></system-out>
         <system-err><![CDATA[]]></system-err>
      </testcase>
      <testcase name="Test Cases/Change Password With Correct Procedure" time="40.598" classname="Test Cases/Change Password With Correct Procedure" status="PASSED">
         <system-out><![CDATA[2019-12-20 11:10:16 - [TEST_CASE][PASSED] - Test Cases/Change Password With Correct Procedure: Test Cases/Change Password With Correct Procedure

2019-12-20 11:10:16 - [TEST_STEP][PASSED] - openBrowser(""): Browser is opened with url: ''

2019-12-20 11:10:16 - [MESSAGE][INFO] - Starting 'Firefox' driver

2019-12-20 11:10:22 - [MESSAGE][PASSED] - Browser is opened with url: ''

2019-12-20 11:10:22 - [TEST_STEP][PASSED] - navigateToUrl("https://mattermost-usecase.herokuapp.com/"): Navigate to 'https://mattermost-usecase.herokuapp.com/' successfully

2019-12-20 11:10:32 - [MESSAGE][PASSED] - Navigate to 'https://mattermost-usecase.herokuapp.com/' successfully

2019-12-20 11:10:32 - [TEST_STEP][PASSED] - setText(findTestObject("Object Repository/Edit Account Full Name With All Fields Filled/Page_Mattermost/input_All team communication in one place s_703ef5"), "hieuminhnguyen95@gmail.com"): Text 'hieuminhnguyen95@gmail.com' is set on object 'Object Repository/Edit Account Full Name With All Fields Filled/Page_Mattermost/input_All team communication in one place s_703ef5'

2019-12-20 11:10:40 - [MESSAGE][PASSED] - Text 'hieuminhnguyen95@gmail.com' is set on object 'Object Repository/Edit Account Full Name With All Fields Filled/Page_Mattermost/input_All team communication in one place s_703ef5'

2019-12-20 11:10:40 - [TEST_STEP][PASSED] - setText(findTestObject("Object Repository/Edit Account Full Name With All Fields Filled/Page_Mattermost/input_All team communication in one place s_2f2733"), CurrentPW): Text 'hieu1999' is set on object 'Object Repository/Edit Account Full Name With All Fields Filled/Page_Mattermost/input_All team communication in one place s_2f2733'

2019-12-20 11:10:40 - [MESSAGE][PASSED] - Text 'hieu1999' is set on object 'Object Repository/Edit Account Full Name With All Fields Filled/Page_Mattermost/input_All team communication in one place s_2f2733'

2019-12-20 11:10:40 - [TEST_STEP][PASSED] - click(findTestObject("Object Repository/Edit Account Full Name With All Fields Filled/Page_Mattermost/span_Sign in")): Object: 'Object Repository/Edit Account Full Name With All Fields Filled/Page_Mattermost/span_Sign in' is clicked on

2019-12-20 11:10:41 - [MESSAGE][PASSED] - Object: 'Object Repository/Edit Account Full Name With All Fields Filled/Page_Mattermost/span_Sign in' is clicked on

2019-12-20 11:10:41 - [TEST_STEP][PASSED] - click(findTestObject("Object Repository/Change Password With Correct Procedure/Page_Town Square - Squad Mattermost/button_hieudz123_style--none sidebar-header_f9a64e")): Object: 'Object Repository/Change Password With Correct Procedure/Page_Town Square - Squad Mattermost/button_hieudz123_style--none sidebar-header_f9a64e' is clicked on

2019-12-20 11:10:45 - [MESSAGE][PASSED] - Object: 'Object Repository/Change Password With Correct Procedure/Page_Town Square - Squad Mattermost/button_hieudz123_style--none sidebar-header_f9a64e' is clicked on

2019-12-20 11:10:45 - [TEST_STEP][PASSED] - click(findTestObject("Object Repository/Change Password With Correct Procedure/Page_Town Square - Squad Mattermost/button_Account Settings")): Object: 'Object Repository/Change Password With Correct Procedure/Page_Town Square - Squad Mattermost/button_Account Settings' is clicked on

2019-12-20 11:10:46 - [MESSAGE][PASSED] - Object: 'Object Repository/Change Password With Correct Procedure/Page_Town Square - Squad Mattermost/button_Account Settings' is clicked on

2019-12-20 11:10:46 - [TEST_STEP][PASSED] - click(findTestObject("Object Repository/Change Password With Correct Procedure/Page_Town Square - Squad Mattermost/button_Security")): Object: 'Object Repository/Change Password With Correct Procedure/Page_Town Square - Squad Mattermost/button_Security' is clicked on

2019-12-20 11:10:47 - [MESSAGE][PASSED] - Object: 'Object Repository/Change Password With Correct Procedure/Page_Town Square - Squad Mattermost/button_Security' is clicked on

2019-12-20 11:10:47 - [TEST_STEP][PASSED] - click(findTestObject("Object Repository/Change Password With Correct Procedure/Page_Town Square - Squad Mattermost/button_Edit")): Object: 'Object Repository/Change Password With Correct Procedure/Page_Town Square - Squad Mattermost/button_Edit' is clicked on

2019-12-20 11:10:47 - [MESSAGE][PASSED] - Object: 'Object Repository/Change Password With Correct Procedure/Page_Town Square - Squad Mattermost/button_Edit' is clicked on

2019-12-20 11:10:47 - [TEST_STEP][PASSED] - setText(findTestObject("Object Repository/Change Password With Correct Procedure/Page_Town Square - ss Mattermost/input_Current Password_currentPassword"), CurrentPW): Text 'hieu1999' is set on object 'Object Repository/Change Password With Correct Procedure/Page_Town Square - ss Mattermost/input_Current Password_currentPassword'

2019-12-20 11:10:48 - [MESSAGE][PASSED] - Text 'hieu1999' is set on object 'Object Repository/Change Password With Correct Procedure/Page_Town Square - ss Mattermost/input_Current Password_currentPassword'

2019-12-20 11:10:48 - [TEST_STEP][PASSED] - setText(findTestObject("Object Repository/Change Password With Correct Procedure/Page_Town Square - ss Mattermost/input_New Password_newPassword"), NewPW): Text 'hieukfc69' is set on object 'Object Repository/Change Password With Correct Procedure/Page_Town Square - ss Mattermost/input_New Password_newPassword'

2019-12-20 11:10:48 - [MESSAGE][PASSED] - Text 'hieukfc69' is set on object 'Object Repository/Change Password With Correct Procedure/Page_Town Square - ss Mattermost/input_New Password_newPassword'

2019-12-20 11:10:48 - [TEST_STEP][PASSED] - setText(findTestObject("Object Repository/Change Password With Correct Procedure/Page_Town Square - ss Mattermost/input_Retype New Password_confirmPassword"), RePW): Text 'hieukfc69' is set on object 'Object Repository/Change Password With Correct Procedure/Page_Town Square - ss Mattermost/input_Retype New Password_confirmPassword'

2019-12-20 11:10:49 - [MESSAGE][PASSED] - Text 'hieukfc69' is set on object 'Object Repository/Change Password With Correct Procedure/Page_Town Square - ss Mattermost/input_Retype New Password_confirmPassword'

2019-12-20 11:10:49 - [TEST_STEP][PASSED] - click(findTestObject("Object Repository/Change Password With Correct Procedure/Page_Town Square - ss Mattermost/span_Save")): Object: 'Object Repository/Change Password With Correct Procedure/Page_Town Square - ss Mattermost/span_Save' is clicked on

2019-12-20 11:10:49 - [MESSAGE][PASSED] - Object: 'Object Repository/Change Password With Correct Procedure/Page_Town Square - ss Mattermost/span_Save' is clicked on

2019-12-20 11:10:49 - [TEST_STEP][PASSED] - delay(3): Delayed 3 second(s)

2019-12-20 11:10:52 - [MESSAGE][PASSED] - Delayed 3 second(s)

2019-12-20 11:10:52 - [TEST_STEP][PASSED] - click(findTestObject("Object Repository/Change Password With Correct Procedure/Page_Town Square - ss Mattermost/span_")): Object: 'Object Repository/Change Password With Correct Procedure/Page_Town Square - ss Mattermost/span_' is clicked on

2019-12-20 11:10:53 - [MESSAGE][PASSED] - Object: 'Object Repository/Change Password With Correct Procedure/Page_Town Square - ss Mattermost/span_' is clicked on

2019-12-20 11:10:53 - [TEST_STEP][PASSED] - closeBrowser(): Browser is closed

2019-12-20 11:10:57 - [MESSAGE][PASSED] - Browser is closed]]></system-out>
         <system-err><![CDATA[]]></system-err>
      </testcase>
      <testcase name="Test Cases/Change Password With Correct Procedure" time="37.353" classname="Test Cases/Change Password With Correct Procedure" status="PASSED">
         <system-out><![CDATA[2019-12-20 11:10:57 - [TEST_CASE][PASSED] - Test Cases/Change Password With Correct Procedure: Test Cases/Change Password With Correct Procedure

2019-12-20 11:10:57 - [TEST_STEP][PASSED] - openBrowser(""): Browser is opened with url: ''

2019-12-20 11:10:57 - [MESSAGE][INFO] - Starting 'Firefox' driver

2019-12-20 11:11:02 - [MESSAGE][PASSED] - Browser is opened with url: ''

2019-12-20 11:11:02 - [TEST_STEP][PASSED] - navigateToUrl("https://mattermost-usecase.herokuapp.com/"): Navigate to 'https://mattermost-usecase.herokuapp.com/' successfully

2019-12-20 11:11:10 - [MESSAGE][PASSED] - Navigate to 'https://mattermost-usecase.herokuapp.com/' successfully

2019-12-20 11:11:10 - [TEST_STEP][PASSED] - setText(findTestObject("Object Repository/Edit Account Full Name With All Fields Filled/Page_Mattermost/input_All team communication in one place s_703ef5"), "hieuminhnguyen95@gmail.com"): Text 'hieuminhnguyen95@gmail.com' is set on object 'Object Repository/Edit Account Full Name With All Fields Filled/Page_Mattermost/input_All team communication in one place s_703ef5'

2019-12-20 11:11:17 - [MESSAGE][PASSED] - Text 'hieuminhnguyen95@gmail.com' is set on object 'Object Repository/Edit Account Full Name With All Fields Filled/Page_Mattermost/input_All team communication in one place s_703ef5'

2019-12-20 11:11:17 - [TEST_STEP][PASSED] - setText(findTestObject("Object Repository/Edit Account Full Name With All Fields Filled/Page_Mattermost/input_All team communication in one place s_2f2733"), CurrentPW): Text 'hieukfc69' is set on object 'Object Repository/Edit Account Full Name With All Fields Filled/Page_Mattermost/input_All team communication in one place s_2f2733'

2019-12-20 11:11:18 - [MESSAGE][PASSED] - Text 'hieukfc69' is set on object 'Object Repository/Edit Account Full Name With All Fields Filled/Page_Mattermost/input_All team communication in one place s_2f2733'

2019-12-20 11:11:18 - [TEST_STEP][PASSED] - click(findTestObject("Object Repository/Edit Account Full Name With All Fields Filled/Page_Mattermost/span_Sign in")): Object: 'Object Repository/Edit Account Full Name With All Fields Filled/Page_Mattermost/span_Sign in' is clicked on

2019-12-20 11:11:19 - [MESSAGE][PASSED] - Object: 'Object Repository/Edit Account Full Name With All Fields Filled/Page_Mattermost/span_Sign in' is clicked on

2019-12-20 11:11:19 - [TEST_STEP][PASSED] - click(findTestObject("Object Repository/Change Password With Correct Procedure/Page_Town Square - Squad Mattermost/button_hieudz123_style--none sidebar-header_f9a64e")): Object: 'Object Repository/Change Password With Correct Procedure/Page_Town Square - Squad Mattermost/button_hieudz123_style--none sidebar-header_f9a64e' is clicked on

2019-12-20 11:11:23 - [MESSAGE][PASSED] - Object: 'Object Repository/Change Password With Correct Procedure/Page_Town Square - Squad Mattermost/button_hieudz123_style--none sidebar-header_f9a64e' is clicked on

2019-12-20 11:11:23 - [TEST_STEP][PASSED] - click(findTestObject("Object Repository/Change Password With Correct Procedure/Page_Town Square - Squad Mattermost/button_Account Settings")): Object: 'Object Repository/Change Password With Correct Procedure/Page_Town Square - Squad Mattermost/button_Account Settings' is clicked on

2019-12-20 11:11:24 - [MESSAGE][PASSED] - Object: 'Object Repository/Change Password With Correct Procedure/Page_Town Square - Squad Mattermost/button_Account Settings' is clicked on

2019-12-20 11:11:24 - [TEST_STEP][PASSED] - click(findTestObject("Object Repository/Change Password With Correct Procedure/Page_Town Square - Squad Mattermost/button_Security")): Object: 'Object Repository/Change Password With Correct Procedure/Page_Town Square - Squad Mattermost/button_Security' is clicked on

2019-12-20 11:11:25 - [MESSAGE][PASSED] - Object: 'Object Repository/Change Password With Correct Procedure/Page_Town Square - Squad Mattermost/button_Security' is clicked on

2019-12-20 11:11:25 - [TEST_STEP][PASSED] - click(findTestObject("Object Repository/Change Password With Correct Procedure/Page_Town Square - Squad Mattermost/button_Edit")): Object: 'Object Repository/Change Password With Correct Procedure/Page_Town Square - Squad Mattermost/button_Edit' is clicked on

2019-12-20 11:11:25 - [MESSAGE][PASSED] - Object: 'Object Repository/Change Password With Correct Procedure/Page_Town Square - Squad Mattermost/button_Edit' is clicked on

2019-12-20 11:11:25 - [TEST_STEP][PASSED] - setText(findTestObject("Object Repository/Change Password With Correct Procedure/Page_Town Square - ss Mattermost/input_Current Password_currentPassword"), CurrentPW): Text 'hieukfc69' is set on object 'Object Repository/Change Password With Correct Procedure/Page_Town Square - ss Mattermost/input_Current Password_currentPassword'

2019-12-20 11:11:26 - [MESSAGE][PASSED] - Text 'hieukfc69' is set on object 'Object Repository/Change Password With Correct Procedure/Page_Town Square - ss Mattermost/input_Current Password_currentPassword'

2019-12-20 11:11:26 - [TEST_STEP][PASSED] - setText(findTestObject("Object Repository/Change Password With Correct Procedure/Page_Town Square - ss Mattermost/input_New Password_newPassword"), NewPW): Text 'hieunhoc1999' is set on object 'Object Repository/Change Password With Correct Procedure/Page_Town Square - ss Mattermost/input_New Password_newPassword'

2019-12-20 11:11:26 - [MESSAGE][PASSED] - Text 'hieunhoc1999' is set on object 'Object Repository/Change Password With Correct Procedure/Page_Town Square - ss Mattermost/input_New Password_newPassword'

2019-12-20 11:11:26 - [TEST_STEP][PASSED] - setText(findTestObject("Object Repository/Change Password With Correct Procedure/Page_Town Square - ss Mattermost/input_Retype New Password_confirmPassword"), RePW): Text 'hieunhoc1999' is set on object 'Object Repository/Change Password With Correct Procedure/Page_Town Square - ss Mattermost/input_Retype New Password_confirmPassword'

2019-12-20 11:11:27 - [MESSAGE][PASSED] - Text 'hieunhoc1999' is set on object 'Object Repository/Change Password With Correct Procedure/Page_Town Square - ss Mattermost/input_Retype New Password_confirmPassword'

2019-12-20 11:11:27 - [TEST_STEP][PASSED] - click(findTestObject("Object Repository/Change Password With Correct Procedure/Page_Town Square - ss Mattermost/span_Save")): Object: 'Object Repository/Change Password With Correct Procedure/Page_Town Square - ss Mattermost/span_Save' is clicked on

2019-12-20 11:11:27 - [MESSAGE][PASSED] - Object: 'Object Repository/Change Password With Correct Procedure/Page_Town Square - ss Mattermost/span_Save' is clicked on

2019-12-20 11:11:27 - [TEST_STEP][PASSED] - delay(3): Delayed 3 second(s)

2019-12-20 11:11:30 - [MESSAGE][PASSED] - Delayed 3 second(s)

2019-12-20 11:11:30 - [TEST_STEP][PASSED] - click(findTestObject("Object Repository/Change Password With Correct Procedure/Page_Town Square - ss Mattermost/span_")): Object: 'Object Repository/Change Password With Correct Procedure/Page_Town Square - ss Mattermost/span_' is clicked on

2019-12-20 11:11:31 - [MESSAGE][PASSED] - Object: 'Object Repository/Change Password With Correct Procedure/Page_Town Square - ss Mattermost/span_' is clicked on

2019-12-20 11:11:31 - [TEST_STEP][PASSED] - closeBrowser(): Browser is closed

2019-12-20 11:11:34 - [MESSAGE][PASSED] - Browser is closed]]></system-out>
         <system-err><![CDATA[]]></system-err>
      </testcase>
      <system-out><![CDATA[2019-12-20 11:07:43 - [TEST_SUITE][PASSED] - Change Password: Test Cases/Change Password With Correct Procedure]]></system-out>
      <system-err><![CDATA[]]></system-err>
   </testsuite>
</testsuites>
