<?xml version="1.0" encoding="UTF-8"?>
<testsuites name="Run all test cases" time="650.805" tests="20" failures="1" errors="1">
   <testsuite name="Run all test cases" tests="20" failures="1" errors="1" time="650.805" timestamp="2019-12-20 14:35:36" hostname="apple - localhost" id="Test Suites/Run all test cases">
      <properties>
         <property name="deviceName" value=""/>
         <property name="devicePlatform" value=""/>
         <property name="logFolder" value="/Users/apple/Desktop/Stduy/katalon-mattermost/dsds/Reports/20191220_143533/Run all test cases/20191220_143533"/>
         <property name="logFiles" value="/Users/apple/Desktop/Stduy/katalon-mattermost/dsds/Reports/20191220_143533/Run all test cases/20191220_143533/execution0.log"/>
         <property name="attachments" value="/Users/apple/Desktop/Stduy/katalon-mattermost/dsds/Reports/20191220_143533/Run all test cases/20191220_143533/1576827808905.png"/>
         <property name="hostName" value="apple - localhost"/>
         <property name="os" value="Mac OS X 64bit"/>
         <property name="katalonVersion" value="7.1.2.1"/>
         <property name="browser" value="Firefox 71.0"/>
         <property name="hostAddress" value="127.0.0.1"/>
         <property name="sessionId" value="b1ea66e7-69fc-5f44-bbfe-ec28af14fd38"/>
         <property name="seleniumVersion" value="3.141.59"/>
         <property name="proxyInformation" value="ProxyInformation{proxyOption=NO_PROXY, proxyServerType=HTTP, password=, proxyServerAddress=, proxyServerPort=0, executionList=}"/>
         <property name="platform" value="Mac OS X"/>
      </properties>
      <testcase name="Test Cases/Login with wrong password" time="24.933" classname="Test Cases/Login with wrong password" status="PASSED">
         <system-out><![CDATA[2019-12-20 14:35:36 - [TEST_CASE][PASSED] - Test Cases/Login with wrong password: Test Cases/Login with wrong password

2019-12-20 14:35:36 - [TEST_STEP][PASSED] - openBrowser(""): Browser is opened with url: ''

2019-12-20 14:35:37 - [MESSAGE][INFO] - Starting 'Firefox' driver

2019-12-20 14:35:37 - [MESSAGE][INFO] - Action delay is set to 0 seconds

2019-12-20 14:35:42 - [MESSAGE][PASSED] - Browser is opened with url: ''

2019-12-20 14:35:42 - [TEST_STEP][PASSED] - navigateToUrl("https://mattermost-usecase.herokuapp.com"): Navigate to 'https://mattermost-usecase.herokuapp.com' successfully

2019-12-20 14:35:53 - [MESSAGE][PASSED] - Navigate to 'https://mattermost-usecase.herokuapp.com' successfully

2019-12-20 14:35:53 - [TEST_STEP][PASSED] - setText(findTestObject("Login/Login succed/input_All team communication in one place s_703ef5"), "bannnnn"): Text 'bannnnn' is set on object 'Object Repository/Login/Login succed/input_All team communication in one place s_703ef5'

2019-12-20 14:35:59 - [MESSAGE][PASSED] - Text 'bannnnn' is set on object 'Object Repository/Login/Login succed/input_All team communication in one place s_703ef5'

2019-12-20 14:35:59 - [TEST_STEP][PASSED] - setEncryptedText(findTestObject("Login/Login succed/input_All team communication in one place s_2f2733"), "6M8jdlTs8n6rOnocPaG5Cw=="): Text ****** has been set on object 'Object Repository/Login/Login succed/input_All team communication in one place s_2f2733'

2019-12-20 14:36:00 - [MESSAGE][PASSED] - Text ****** has been set on object 'Object Repository/Login/Login succed/input_All team communication in one place s_2f2733'

2019-12-20 14:36:00 - [TEST_STEP][PASSED] - click(findTestObject("Login/Login succed/span_Sign in")): Object: 'Object Repository/Login/Login succed/span_Sign in' is clicked on

2019-12-20 14:36:00 - [MESSAGE][PASSED] - Object: 'Object Repository/Login/Login succed/span_Sign in' is clicked on

2019-12-20 14:36:00 - [TEST_STEP][PASSED] - closeBrowser(): Browser is closed

2019-12-20 14:36:01 - [MESSAGE][PASSED] - Browser is closed]]></system-out>
         <system-err><![CDATA[]]></system-err>
      </testcase>
      <testcase name="Test Cases/Login with correct password" time="22.205" classname="Test Cases/Login with correct password" status="PASSED">
         <system-out><![CDATA[2019-12-20 14:36:01 - [TEST_CASE][PASSED] - Test Cases/Login with correct password: Test Cases/Login with correct password

2019-12-20 14:36:01 - [TEST_STEP][PASSED] - openBrowser(""): Browser is opened with url: ''

2019-12-20 14:36:01 - [MESSAGE][INFO] - Starting 'Firefox' driver

2019-12-20 14:36:05 - [MESSAGE][PASSED] - Browser is opened with url: ''

2019-12-20 14:36:05 - [TEST_STEP][PASSED] - navigateToUrl("https://mattermost-usecase.herokuapp.com"): Navigate to 'https://mattermost-usecase.herokuapp.com' successfully

2019-12-20 14:36:15 - [MESSAGE][PASSED] - Navigate to 'https://mattermost-usecase.herokuapp.com' successfully

2019-12-20 14:36:15 - [TEST_STEP][PASSED] - setText(findTestObject("Login/Login failed/input_All team communication in one place s_703ef5"), "bannnnn"): Text 'bannnnn' is set on object 'Object Repository/Login/Login failed/input_All team communication in one place s_703ef5'

2019-12-20 14:36:20 - [MESSAGE][PASSED] - Text 'bannnnn' is set on object 'Object Repository/Login/Login failed/input_All team communication in one place s_703ef5'

2019-12-20 14:36:20 - [TEST_STEP][PASSED] - setEncryptedText(findTestObject("Login/Login failed/input_All team communication in one place s_2f2733"), "6M8jdlTs8n6rOnocPaG5Cw=="): Text ****** has been set on object 'Object Repository/Login/Login failed/input_All team communication in one place s_2f2733'

2019-12-20 14:36:21 - [MESSAGE][PASSED] - Text ****** has been set on object 'Object Repository/Login/Login failed/input_All team communication in one place s_2f2733'

2019-12-20 14:36:21 - [TEST_STEP][PASSED] - click(findTestObject("Login/Login failed/span_Sign in")): Object: 'Object Repository/Login/Login failed/span_Sign in' is clicked on

2019-12-20 14:36:22 - [MESSAGE][PASSED] - Object: 'Object Repository/Login/Login failed/span_Sign in' is clicked on

2019-12-20 14:36:22 - [TEST_STEP][PASSED] - closeBrowser(): Browser is closed

2019-12-20 14:36:23 - [MESSAGE][PASSED] - Browser is closed]]></system-out>
         <system-err><![CDATA[]]></system-err>
      </testcase>
      <testcase name="Test Cases/Forgot passwords" time="24.848" classname="Test Cases/Forgot passwords" status="PASSED">
         <system-out><![CDATA[2019-12-20 14:36:23 - [TEST_CASE][PASSED] - Test Cases/Forgot passwords: Test Cases/Forgot passwords

2019-12-20 14:36:23 - [TEST_STEP][PASSED] - openBrowser(""): Browser is opened with url: ''

2019-12-20 14:36:23 - [MESSAGE][INFO] - Starting 'Firefox' driver

2019-12-20 14:36:27 - [MESSAGE][PASSED] - Browser is opened with url: ''

2019-12-20 14:36:27 - [TEST_STEP][PASSED] - navigateToUrl("https://mattermost-usecase.herokuapp.com/"): Navigate to 'https://mattermost-usecase.herokuapp.com/' successfully

2019-12-20 14:36:37 - [MESSAGE][PASSED] - Navigate to 'https://mattermost-usecase.herokuapp.com/' successfully

2019-12-20 14:36:37 - [TEST_STEP][PASSED] - click(findTestObject("Object Repository/Login/Forgot password/Page_Mattermost/span_I forgot my password")): Object: 'Object Repository/Login/Forgot password/Page_Mattermost/span_I forgot my password' is clicked on

2019-12-20 14:36:44 - [MESSAGE][PASSED] - Object: 'Object Repository/Login/Forgot password/Page_Mattermost/span_I forgot my password' is clicked on

2019-12-20 14:36:44 - [TEST_STEP][PASSED] - setText(findTestObject("Object Repository/Login/Forgot password/Page_Mattermost/input_To reset your password enter the emai_5f6d79"), "habinhan1999@gmail.com"): Text 'habinhan1999@gmail.com' is set on object 'Object Repository/Login/Forgot password/Page_Mattermost/input_To reset your password enter the emai_5f6d79'

2019-12-20 14:36:45 - [MESSAGE][PASSED] - Text 'habinhan1999@gmail.com' is set on object 'Object Repository/Login/Forgot password/Page_Mattermost/input_To reset your password enter the emai_5f6d79'

2019-12-20 14:36:45 - [TEST_STEP][PASSED] - click(findTestObject("Object Repository/Login/Forgot password/Page_Mattermost/span_Reset my password")): Object: 'Object Repository/Login/Forgot password/Page_Mattermost/span_Reset my password' is clicked on

2019-12-20 14:36:45 - [MESSAGE][PASSED] - Object: 'Object Repository/Login/Forgot password/Page_Mattermost/span_Reset my password' is clicked on

2019-12-20 14:36:45 - [TEST_STEP][PASSED] - closeBrowser(): Browser is closed

2019-12-20 14:36:48 - [MESSAGE][PASSED] - Browser is closed]]></system-out>
         <system-err><![CDATA[]]></system-err>
      </testcase>
      <testcase name="Test Cases/Create Private channel" time="30.639" classname="Test Cases/Create Private channel" status="PASSED">
         <system-out><![CDATA[2019-12-20 14:36:48 - [TEST_CASE][PASSED] - Test Cases/Create Private channel: Test Cases/Create Private channel

2019-12-20 14:36:48 - [TEST_STEP][PASSED] - openBrowser(""): Browser is opened with url: ''

2019-12-20 14:36:48 - [MESSAGE][INFO] - Starting 'Firefox' driver

2019-12-20 14:36:52 - [MESSAGE][PASSED] - Browser is opened with url: ''

2019-12-20 14:36:52 - [TEST_STEP][PASSED] - navigateToUrl("https://mattermost-usecase.herokuapp.com"): Navigate to 'https://mattermost-usecase.herokuapp.com' successfully

2019-12-20 14:37:02 - [MESSAGE][PASSED] - Navigate to 'https://mattermost-usecase.herokuapp.com' successfully

2019-12-20 14:37:02 - [TEST_STEP][PASSED] - setText(findTestObject("Object Repository/Private channel/Page_Mattermost/input_All team communication in one place s_703ef5"), "bannnnn"): Text 'bannnnn' is set on object 'Object Repository/Private channel/Page_Mattermost/input_All team communication in one place s_703ef5'

2019-12-20 14:37:09 - [MESSAGE][PASSED] - Text 'bannnnn' is set on object 'Object Repository/Private channel/Page_Mattermost/input_All team communication in one place s_703ef5'

2019-12-20 14:37:09 - [TEST_STEP][PASSED] - setEncryptedText(findTestObject("Object Repository/Private channel/Page_Mattermost/input_All team communication in one place s_2f2733"), "6M8jdlTs8n6rOnocPaG5Cw=="): Text ****** has been set on object 'Object Repository/Private channel/Page_Mattermost/input_All team communication in one place s_2f2733'

2019-12-20 14:37:09 - [MESSAGE][PASSED] - Text ****** has been set on object 'Object Repository/Private channel/Page_Mattermost/input_All team communication in one place s_2f2733'

2019-12-20 14:37:09 - [TEST_STEP][PASSED] - click(findTestObject("Object Repository/Private channel/Page_Mattermost/span_Sign in")): Object: 'Object Repository/Private channel/Page_Mattermost/span_Sign in' is clicked on

2019-12-20 14:37:10 - [MESSAGE][PASSED] - Object: 'Object Repository/Private channel/Page_Mattermost/span_Sign in' is clicked on

2019-12-20 14:37:10 - [TEST_STEP][PASSED] - click(findTestObject("Private channel/span_")): Object: 'Object Repository/Private channel/span_' is clicked on

2019-12-20 14:37:15 - [MESSAGE][PASSED] - Object: 'Object Repository/Private channel/span_' is clicked on

2019-12-20 14:37:15 - [TEST_STEP][PASSED] - setText(findTestObject("Private channel/input_Name_newChannelName"), "Test create private channel"): Text 'Test create private channel' is set on object 'Object Repository/Private channel/input_Name_newChannelName'

2019-12-20 14:37:15 - [MESSAGE][PASSED] - Text 'Test create private channel' is set on object 'Object Repository/Private channel/input_Name_newChannelName'

2019-12-20 14:37:15 - [TEST_STEP][PASSED] - click(findTestObject("Private channel/span_Create New Channel")): Object: 'Object Repository/Private channel/span_Create New Channel' is clicked on

2019-12-20 14:37:16 - [MESSAGE][PASSED] - Object: 'Object Repository/Private channel/span_Create New Channel' is clicked on

2019-12-20 14:37:16 - [TEST_STEP][PASSED] - closeBrowser(): Browser is closed

2019-12-20 14:37:19 - [MESSAGE][PASSED] - Browser is closed]]></system-out>
         <system-err><![CDATA[]]></system-err>
      </testcase>
      <testcase name="Test Cases/Edit Account Full Name With All Fields not Filled" time="29.428" classname="Test Cases/Edit Account Full Name With All Fields not Filled" status="PASSED">
         <system-out><![CDATA[2019-12-20 14:37:19 - [TEST_CASE][PASSED] - Test Cases/Edit Account Full Name With All Fields not Filled: Test Cases/Edit Account Full Name With All Fields not Filled

2019-12-20 14:37:19 - [TEST_STEP][PASSED] - openBrowser(""): Browser is opened with url: ''

2019-12-20 14:37:19 - [MESSAGE][INFO] - Starting 'Firefox' driver

2019-12-20 14:37:22 - [MESSAGE][PASSED] - Browser is opened with url: ''

2019-12-20 14:37:22 - [TEST_STEP][PASSED] - navigateToUrl("https://mattermost-usecase.herokuapp.com/"): Navigate to 'https://mattermost-usecase.herokuapp.com/' successfully

2019-12-20 14:37:31 - [MESSAGE][PASSED] - Navigate to 'https://mattermost-usecase.herokuapp.com/' successfully

2019-12-20 14:37:31 - [TEST_STEP][PASSED] - setText(findTestObject("Object Repository/Edit Account Full Name With All Fields Filled/Page_Mattermost/input_All team communication in one place s_703ef5"), "hieuminhnguyen95@gmail.com"): Text 'hieuminhnguyen95@gmail.com' is set on object 'Object Repository/Edit Account Full Name With All Fields Filled/Page_Mattermost/input_All team communication in one place s_703ef5'

2019-12-20 14:37:38 - [MESSAGE][PASSED] - Text 'hieuminhnguyen95@gmail.com' is set on object 'Object Repository/Edit Account Full Name With All Fields Filled/Page_Mattermost/input_All team communication in one place s_703ef5'

2019-12-20 14:37:38 - [TEST_STEP][PASSED] - setEncryptedText(findTestObject("Object Repository/Edit Account Full Name With All Fields Filled/Page_Mattermost/input_All team communication in one place s_2f2733"), "MkITpGSjdNjAaKH8FIw/Og=="): Text ****** has been set on object 'Object Repository/Edit Account Full Name With All Fields Filled/Page_Mattermost/input_All team communication in one place s_2f2733'

2019-12-20 14:37:38 - [MESSAGE][PASSED] - Text ****** has been set on object 'Object Repository/Edit Account Full Name With All Fields Filled/Page_Mattermost/input_All team communication in one place s_2f2733'

2019-12-20 14:37:38 - [TEST_STEP][PASSED] - click(findTestObject("Object Repository/Edit Account Full Name With All Fields Filled/Page_Mattermost/span_Sign in")): Object: 'Object Repository/Edit Account Full Name With All Fields Filled/Page_Mattermost/span_Sign in' is clicked on

2019-12-20 14:37:39 - [MESSAGE][PASSED] - Object: 'Object Repository/Edit Account Full Name With All Fields Filled/Page_Mattermost/span_Sign in' is clicked on

2019-12-20 14:37:39 - [TEST_STEP][PASSED] - click(findTestObject("Object Repository/Edit Account Full Name With All Fields Filled/Page_(1)  Town Square - Squad Mattermost/button_hieudz123_style--none sidebar-header_f9a64e")): Object: 'Object Repository/Edit Account Full Name With All Fields Filled/Page_(1)  Town Square - Squad Mattermost/button_hieudz123_style--none sidebar-header_f9a64e' is clicked on

2019-12-20 14:37:43 - [MESSAGE][PASSED] - Object: 'Object Repository/Edit Account Full Name With All Fields Filled/Page_(1)  Town Square - Squad Mattermost/button_hieudz123_style--none sidebar-header_f9a64e' is clicked on

2019-12-20 14:37:43 - [TEST_STEP][PASSED] - click(findTestObject("Object Repository/Edit Account Full Name With All Fields Filled/Page_(1)  Town Square - Squad Mattermost/button_Account Settings")): Object: 'Object Repository/Edit Account Full Name With All Fields Filled/Page_(1)  Town Square - Squad Mattermost/button_Account Settings' is clicked on

2019-12-20 14:37:44 - [MESSAGE][PASSED] - Object: 'Object Repository/Edit Account Full Name With All Fields Filled/Page_(1)  Town Square - Squad Mattermost/button_Account Settings' is clicked on

2019-12-20 14:37:44 - [TEST_STEP][PASSED] - click(findTestObject("Object Repository/Edit Account Full Name With All Fields Filled/Page_(1)  Town Square - Squad Mattermost/span_Edit")): Object: 'Object Repository/Edit Account Full Name With All Fields Filled/Page_(1)  Town Square - Squad Mattermost/span_Edit' is clicked on

2019-12-20 14:37:46 - [MESSAGE][PASSED] - Object: 'Object Repository/Edit Account Full Name With All Fields Filled/Page_(1)  Town Square - Squad Mattermost/span_Edit' is clicked on

2019-12-20 14:37:46 - [TEST_STEP][PASSED] - setText(findTestObject("Object Repository/Edit Account Full Name With All Fields Filled/Page_(1)  Town Square - Squad Mattermost/input_First Name_firstName"), ""): Text '' is set on object 'Object Repository/Edit Account Full Name With All Fields Filled/Page_(1)  Town Square - Squad Mattermost/input_First Name_firstName'

2019-12-20 14:37:46 - [MESSAGE][PASSED] - Text '' is set on object 'Object Repository/Edit Account Full Name With All Fields Filled/Page_(1)  Town Square - Squad Mattermost/input_First Name_firstName'

2019-12-20 14:37:46 - [TEST_STEP][PASSED] - setText(findTestObject("Object Repository/Edit Account Full Name With All Fields Filled/Page_(1)  Town Square - Squad Mattermost/input_Last Name_lastName"), ""): Text '' is set on object 'Object Repository/Edit Account Full Name With All Fields Filled/Page_(1)  Town Square - Squad Mattermost/input_Last Name_lastName'

2019-12-20 14:37:46 - [MESSAGE][PASSED] - Text '' is set on object 'Object Repository/Edit Account Full Name With All Fields Filled/Page_(1)  Town Square - Squad Mattermost/input_Last Name_lastName'

2019-12-20 14:37:46 - [TEST_STEP][PASSED] - click(findTestObject("Object Repository/Edit Account Full Name With All Fields Filled/Page_(1)  Town Square - Squad Mattermost/span_Save")): Object: 'Object Repository/Edit Account Full Name With All Fields Filled/Page_(1)  Town Square - Squad Mattermost/span_Save' is clicked on

2019-12-20 14:37:47 - [MESSAGE][PASSED] - Object: 'Object Repository/Edit Account Full Name With All Fields Filled/Page_(1)  Town Square - Squad Mattermost/span_Save' is clicked on

2019-12-20 14:37:47 - [TEST_STEP][PASSED] - click(findTestObject("Object Repository/Edit Account Full Name With All Fields Filled/Page_(1)  Town Square - Squad Mattermost/span_")): Object: 'Object Repository/Edit Account Full Name With All Fields Filled/Page_(1)  Town Square - Squad Mattermost/span_' is clicked on

2019-12-20 14:37:47 - [MESSAGE][PASSED] - Object: 'Object Repository/Edit Account Full Name With All Fields Filled/Page_(1)  Town Square - Squad Mattermost/span_' is clicked on

2019-12-20 14:37:47 - [TEST_STEP][PASSED] - closeBrowser(): Browser is closed

2019-12-20 14:37:48 - [MESSAGE][PASSED] - Browser is closed]]></system-out>
         <system-err><![CDATA[]]></system-err>
      </testcase>
      <testcase name="Test Cases/Edit Team Name With Valid Fom" time="26.93" classname="Test Cases/Edit Team Name With Valid Fom" status="PASSED">
         <system-out><![CDATA[2019-12-20 14:37:48 - [TEST_CASE][PASSED] - Test Cases/Edit Team Name With Valid Fom: Test Cases/Edit Team Name With Valid Fom

2019-12-20 14:37:48 - [TEST_STEP][PASSED] - openBrowser(""): Browser is opened with url: ''

2019-12-20 14:37:48 - [MESSAGE][INFO] - Starting 'Firefox' driver

2019-12-20 14:37:52 - [MESSAGE][PASSED] - Browser is opened with url: ''

2019-12-20 14:37:52 - [TEST_STEP][PASSED] - navigateToUrl("https://mattermost-usecase.herokuapp.com/"): Navigate to 'https://mattermost-usecase.herokuapp.com/' successfully

2019-12-20 14:37:59 - [MESSAGE][PASSED] - Navigate to 'https://mattermost-usecase.herokuapp.com/' successfully

2019-12-20 14:37:59 - [TEST_STEP][PASSED] - setText(findTestObject("Object Repository/Edit Team Name With Valid Form/Page_Mattermost/input_All team communication in one place s_703ef5"), "hieuminhnguyen95@gmail.com"): Text 'hieuminhnguyen95@gmail.com' is set on object 'Object Repository/Edit Team Name With Valid Form/Page_Mattermost/input_All team communication in one place s_703ef5'

2019-12-20 14:38:04 - [MESSAGE][PASSED] - Text 'hieuminhnguyen95@gmail.com' is set on object 'Object Repository/Edit Team Name With Valid Form/Page_Mattermost/input_All team communication in one place s_703ef5'

2019-12-20 14:38:04 - [TEST_STEP][PASSED] - setEncryptedText(findTestObject("Object Repository/Edit Team Name With Valid Form/Page_Mattermost/input_All team communication in one place s_2f2733"), "MkITpGSjdNjAaKH8FIw/Og=="): Text ****** has been set on object 'Object Repository/Edit Team Name With Valid Form/Page_Mattermost/input_All team communication in one place s_2f2733'

2019-12-20 14:38:05 - [MESSAGE][PASSED] - Text ****** has been set on object 'Object Repository/Edit Team Name With Valid Form/Page_Mattermost/input_All team communication in one place s_2f2733'

2019-12-20 14:38:05 - [TEST_STEP][PASSED] - click(findTestObject("Object Repository/Edit Team Name With Valid Form/Page_Mattermost/span_Sign in")): Object: 'Object Repository/Edit Team Name With Valid Form/Page_Mattermost/span_Sign in' is clicked on

2019-12-20 14:38:05 - [MESSAGE][PASSED] - Object: 'Object Repository/Edit Team Name With Valid Form/Page_Mattermost/span_Sign in' is clicked on

2019-12-20 14:38:05 - [TEST_STEP][PASSED] - click(findTestObject("Object Repository/Edit Team Name With Valid Form/Page_Town Square - Squads Mattermost/svg")): Object: 'Object Repository/Edit Team Name With Valid Form/Page_Town Square - Squads Mattermost/svg' is clicked on

2019-12-20 14:38:10 - [MESSAGE][PASSED] - Object: 'Object Repository/Edit Team Name With Valid Form/Page_Town Square - Squads Mattermost/svg' is clicked on

2019-12-20 14:38:10 - [TEST_STEP][PASSED] - click(findTestObject("Object Repository/Edit Team Name With Valid Form/Page_Town Square - Squads Mattermost/button_Team Settings")): Object: 'Object Repository/Edit Team Name With Valid Form/Page_Town Square - Squads Mattermost/button_Team Settings' is clicked on

2019-12-20 14:38:10 - [MESSAGE][PASSED] - Object: 'Object Repository/Edit Team Name With Valid Form/Page_Town Square - Squads Mattermost/button_Team Settings' is clicked on

2019-12-20 14:38:10 - [TEST_STEP][PASSED] - click(findTestObject("Object Repository/Edit Team Name With Valid Form/Page_Town Square - Squads Mattermost/button_Edit")): Object: 'Object Repository/Edit Team Name With Valid Form/Page_Town Square - Squads Mattermost/button_Edit' is clicked on

2019-12-20 14:38:11 - [MESSAGE][PASSED] - Object: 'Object Repository/Edit Team Name With Valid Form/Page_Town Square - Squads Mattermost/button_Edit' is clicked on

2019-12-20 14:38:11 - [TEST_STEP][PASSED] - setText(findTestObject("Object Repository/Edit Team Name With Valid Form/Page_Town Square - Squads Mattermost/input_Team Name_teamName"), "Squad"): Text 'Squad' is set on object 'Object Repository/Edit Team Name With Valid Form/Page_Town Square - Squads Mattermost/input_Team Name_teamName'

2019-12-20 14:38:12 - [MESSAGE][PASSED] - Text 'Squad' is set on object 'Object Repository/Edit Team Name With Valid Form/Page_Town Square - Squads Mattermost/input_Team Name_teamName'

2019-12-20 14:38:12 - [TEST_STEP][PASSED] - click(findTestObject("Object Repository/Edit Team Name With Valid Form/Page_Town Square - Squads Mattermost/span_Save")): Object: 'Object Repository/Edit Team Name With Valid Form/Page_Town Square - Squads Mattermost/span_Save' is clicked on

2019-12-20 14:38:12 - [MESSAGE][PASSED] - Object: 'Object Repository/Edit Team Name With Valid Form/Page_Town Square - Squads Mattermost/span_Save' is clicked on

2019-12-20 14:38:12 - [TEST_STEP][PASSED] - click(findTestObject("Object Repository/Edit Team Name With Valid Form/Page_Town Square - Squad Mattermost/span_")): Object: 'Object Repository/Edit Team Name With Valid Form/Page_Town Square - Squad Mattermost/span_' is clicked on

2019-12-20 14:38:13 - [MESSAGE][PASSED] - Object: 'Object Repository/Edit Team Name With Valid Form/Page_Town Square - Squad Mattermost/span_' is clicked on

2019-12-20 14:38:13 - [TEST_STEP][PASSED] - closeBrowser(): Browser is closed

2019-12-20 14:38:15 - [MESSAGE][PASSED] - Browser is closed]]></system-out>
         <system-err><![CDATA[]]></system-err>
      </testcase>
      <testcase name="Test Cases/Edit Team Name With Invalid Form" time="29.294" classname="Test Cases/Edit Team Name With Invalid Form" status="PASSED">
         <system-out><![CDATA[2019-12-20 14:38:15 - [TEST_CASE][PASSED] - Test Cases/Edit Team Name With Invalid Form: Test Cases/Edit Team Name With Invalid Form

2019-12-20 14:38:15 - [TEST_STEP][PASSED] - openBrowser(""): Browser is opened with url: ''

2019-12-20 14:38:15 - [MESSAGE][INFO] - Starting 'Firefox' driver

2019-12-20 14:38:19 - [MESSAGE][PASSED] - Browser is opened with url: ''

2019-12-20 14:38:19 - [TEST_STEP][PASSED] - navigateToUrl("https://mattermost-usecase.herokuapp.com/"): Navigate to 'https://mattermost-usecase.herokuapp.com/' successfully

2019-12-20 14:38:25 - [MESSAGE][PASSED] - Navigate to 'https://mattermost-usecase.herokuapp.com/' successfully

2019-12-20 14:38:25 - [TEST_STEP][PASSED] - setText(findTestObject("Object Repository/Edit Team Name With Valid Form/Page_Mattermost/input_All team communication in one place s_703ef5"), "hieuminhnguyen95@gmail.com"): Text 'hieuminhnguyen95@gmail.com' is set on object 'Object Repository/Edit Team Name With Valid Form/Page_Mattermost/input_All team communication in one place s_703ef5'

2019-12-20 14:38:34 - [MESSAGE][PASSED] - Text 'hieuminhnguyen95@gmail.com' is set on object 'Object Repository/Edit Team Name With Valid Form/Page_Mattermost/input_All team communication in one place s_703ef5'

2019-12-20 14:38:34 - [TEST_STEP][PASSED] - setEncryptedText(findTestObject("Object Repository/Edit Team Name With Valid Form/Page_Mattermost/input_All team communication in one place s_2f2733"), "MkITpGSjdNjAaKH8FIw/Og=="): Text ****** has been set on object 'Object Repository/Edit Team Name With Valid Form/Page_Mattermost/input_All team communication in one place s_2f2733'

2019-12-20 14:38:34 - [MESSAGE][PASSED] - Text ****** has been set on object 'Object Repository/Edit Team Name With Valid Form/Page_Mattermost/input_All team communication in one place s_2f2733'

2019-12-20 14:38:34 - [TEST_STEP][PASSED] - click(findTestObject("Object Repository/Edit Team Name With Valid Form/Page_Mattermost/span_Sign in")): Object: 'Object Repository/Edit Team Name With Valid Form/Page_Mattermost/span_Sign in' is clicked on

2019-12-20 14:38:35 - [MESSAGE][PASSED] - Object: 'Object Repository/Edit Team Name With Valid Form/Page_Mattermost/span_Sign in' is clicked on

2019-12-20 14:38:35 - [TEST_STEP][PASSED] - click(findTestObject("Object Repository/Edit Account Full Name With All Fields Filled/Edit Team Name With Invalid Form/Page_Town Square - Squads Mattermost/svg")): Object: 'Object Repository/Edit Account Full Name With All Fields Filled/Edit Team Name With Invalid Form/Page_Town Square - Squads Mattermost/svg' is clicked on

2019-12-20 14:38:39 - [MESSAGE][PASSED] - Object: 'Object Repository/Edit Account Full Name With All Fields Filled/Edit Team Name With Invalid Form/Page_Town Square - Squads Mattermost/svg' is clicked on

2019-12-20 14:38:39 - [TEST_STEP][PASSED] - click(findTestObject("Object Repository/Edit Account Full Name With All Fields Filled/Edit Team Name With Invalid Form/Page_Town Square - Squads Mattermost/button_Team Settings")): Object: 'Object Repository/Edit Account Full Name With All Fields Filled/Edit Team Name With Invalid Form/Page_Town Square - Squads Mattermost/button_Team Settings' is clicked on

2019-12-20 14:38:40 - [MESSAGE][PASSED] - Object: 'Object Repository/Edit Account Full Name With All Fields Filled/Edit Team Name With Invalid Form/Page_Town Square - Squads Mattermost/button_Team Settings' is clicked on

2019-12-20 14:38:40 - [TEST_STEP][PASSED] - click(findTestObject("Object Repository/Edit Account Full Name With All Fields Filled/Edit Team Name With Invalid Form/Page_Town Square - Squads Mattermost/button_Edit")): Object: 'Object Repository/Edit Account Full Name With All Fields Filled/Edit Team Name With Invalid Form/Page_Town Square - Squads Mattermost/button_Edit' is clicked on

2019-12-20 14:38:41 - [MESSAGE][PASSED] - Object: 'Object Repository/Edit Account Full Name With All Fields Filled/Edit Team Name With Invalid Form/Page_Town Square - Squads Mattermost/button_Edit' is clicked on

2019-12-20 14:38:41 - [TEST_STEP][PASSED] - setText(findTestObject("Object Repository/Edit Account Full Name With All Fields Filled/Edit Team Name With Invalid Form/Page_Town Square - Squads Mattermost/input_Team Name_teamName"), ""): Text '' is set on object 'Object Repository/Edit Account Full Name With All Fields Filled/Edit Team Name With Invalid Form/Page_Town Square - Squads Mattermost/input_Team Name_teamName'

2019-12-20 14:38:41 - [MESSAGE][PASSED] - Text '' is set on object 'Object Repository/Edit Account Full Name With All Fields Filled/Edit Team Name With Invalid Form/Page_Town Square - Squads Mattermost/input_Team Name_teamName'

2019-12-20 14:38:41 - [TEST_STEP][PASSED] - click(findTestObject("Object Repository/Edit Account Full Name With All Fields Filled/Edit Team Name With Invalid Form/Page_Town Square - Squads Mattermost/span_Save")): Object: 'Object Repository/Edit Account Full Name With All Fields Filled/Edit Team Name With Invalid Form/Page_Town Square - Squads Mattermost/span_Save' is clicked on

2019-12-20 14:38:42 - [MESSAGE][PASSED] - Object: 'Object Repository/Edit Account Full Name With All Fields Filled/Edit Team Name With Invalid Form/Page_Town Square - Squads Mattermost/span_Save' is clicked on

2019-12-20 14:38:42 - [TEST_STEP][PASSED] - click(findTestObject("Object Repository/Edit Account Full Name With All Fields Filled/Edit Team Name With Invalid Form/Page_Town Square - Squad Mattermost/button_Cancel")): Object: 'Object Repository/Edit Account Full Name With All Fields Filled/Edit Team Name With Invalid Form/Page_Town Square - Squad Mattermost/button_Cancel' is clicked on

2019-12-20 14:38:42 - [MESSAGE][PASSED] - Object: 'Object Repository/Edit Account Full Name With All Fields Filled/Edit Team Name With Invalid Form/Page_Town Square - Squad Mattermost/button_Cancel' is clicked on

2019-12-20 14:38:42 - [TEST_STEP][PASSED] - click(findTestObject("Object Repository/Edit Account Full Name With All Fields Filled/Edit Team Name With Invalid Form/Page_Town Square - Squad Mattermost/button_Close")): Object: 'Object Repository/Edit Account Full Name With All Fields Filled/Edit Team Name With Invalid Form/Page_Town Square - Squad Mattermost/button_Close' is clicked on

2019-12-20 14:38:43 - [MESSAGE][PASSED] - Object: 'Object Repository/Edit Account Full Name With All Fields Filled/Edit Team Name With Invalid Form/Page_Town Square - Squad Mattermost/button_Close' is clicked on

2019-12-20 14:38:43 - [TEST_STEP][PASSED] - closeBrowser(): Browser is closed

2019-12-20 14:38:44 - [MESSAGE][PASSED] - Browser is closed]]></system-out>
         <system-err><![CDATA[]]></system-err>
      </testcase>
      <testcase name="Test Cases/Edit public channel purpose" time="28.886" classname="Test Cases/Edit public channel purpose" status="PASSED">
         <system-out><![CDATA[2019-12-20 14:38:44 - [TEST_CASE][PASSED] - Test Cases/Edit public channel purpose: Test Cases/Edit public channel purpose

2019-12-20 14:38:45 - [TEST_STEP][PASSED] - openBrowser(""): Browser is opened with url: ''

2019-12-20 14:38:45 - [MESSAGE][INFO] - Starting 'Firefox' driver

2019-12-20 14:38:48 - [MESSAGE][PASSED] - Browser is opened with url: ''

2019-12-20 14:38:48 - [TEST_STEP][PASSED] - navigateToUrl("https://mattermost-usecase.herokuapp.com/"): Navigate to 'https://mattermost-usecase.herokuapp.com/' successfully

2019-12-20 14:38:58 - [MESSAGE][PASSED] - Navigate to 'https://mattermost-usecase.herokuapp.com/' successfully

2019-12-20 14:38:58 - [TEST_STEP][PASSED] - setText(findTestObject("Page_Mattermost/input_All team communication in one place s_703ef5"), "dhgbao@apcs.vn"): Text 'dhgbao@apcs.vn' is set on object 'Object Repository/Page_Mattermost/input_All team communication in one place s_703ef5'

2019-12-20 14:39:03 - [MESSAGE][PASSED] - Text 'dhgbao@apcs.vn' is set on object 'Object Repository/Page_Mattermost/input_All team communication in one place s_703ef5'

2019-12-20 14:39:03 - [TEST_STEP][PASSED] - setEncryptedText(findTestObject("Page_Mattermost/input_All team communication in one place s_2f2733"), "RigbBhfdqODKcAsiUrg+1Q=="): Text ****** has been set on object 'Object Repository/Page_Mattermost/input_All team communication in one place s_2f2733'

2019-12-20 14:39:04 - [MESSAGE][PASSED] - Text ****** has been set on object 'Object Repository/Page_Mattermost/input_All team communication in one place s_2f2733'

2019-12-20 14:39:04 - [TEST_STEP][PASSED] - sendKeys(findTestObject("Page_Mattermost/input_All team communication in one place s_2f2733"), Keys.chord(ENTER)): Keys 'ENTER + ' sent to object: 'Object Repository/Page_Mattermost/input_All team communication in one place s_2f2733'

2019-12-20 14:39:04 - [MESSAGE][PASSED] - Keys 'ENTER + ' sent to object: 'Object Repository/Page_Mattermost/input_All team communication in one place s_2f2733'

2019-12-20 14:39:04 - [TEST_STEP][PASSED] - click(findTestObject("Object Repository/EditPublicChannelPurpose/Page_Mattermost - ohj Mattermost/span_Mattermost_channelHeaderDropdownIcon")): Object: 'Object Repository/EditPublicChannelPurpose/Page_Mattermost - ohj Mattermost/span_Mattermost_channelHeaderDropdownIcon' is clicked on

2019-12-20 14:39:08 - [MESSAGE][PASSED] - Object: 'Object Repository/EditPublicChannelPurpose/Page_Mattermost - ohj Mattermost/span_Mattermost_channelHeaderDropdownIcon' is clicked on

2019-12-20 14:39:08 - [TEST_STEP][PASSED] - click(findTestObject("Object Repository/EditPublicChannelPurpose/Page_Mattermost - ohj Mattermost/button_Edit Channel Purpose")): Object: 'Object Repository/EditPublicChannelPurpose/Page_Mattermost - ohj Mattermost/button_Edit Channel Purpose' is clicked on

2019-12-20 14:39:09 - [MESSAGE][PASSED] - Object: 'Object Repository/EditPublicChannelPurpose/Page_Mattermost - ohj Mattermost/button_Edit Channel Purpose' is clicked on

2019-12-20 14:39:09 - [TEST_STEP][PASSED] - setText(findTestObject("Object Repository/EditPublicChannelPurpose/Page_Mattermost - ohj Mattermost/textarea_Mattermost_form-control no-resize _1ed9ab"), "t"): Text 't' is set on object 'Object Repository/EditPublicChannelPurpose/Page_Mattermost - ohj Mattermost/textarea_Mattermost_form-control no-resize _1ed9ab'

2019-12-20 14:39:09 - [MESSAGE][PASSED] - Text 't' is set on object 'Object Repository/EditPublicChannelPurpose/Page_Mattermost - ohj Mattermost/textarea_Mattermost_form-control no-resize _1ed9ab'

2019-12-20 14:39:09 - [TEST_STEP][PASSED] - setText(findTestObject("Object Repository/EditPublicChannelPurpose/Page_Mattermost - ohj Mattermost/textarea_t"), "te"): Text 'te' is set on object 'Object Repository/EditPublicChannelPurpose/Page_Mattermost - ohj Mattermost/textarea_t'

2019-12-20 14:39:10 - [MESSAGE][PASSED] - Text 'te' is set on object 'Object Repository/EditPublicChannelPurpose/Page_Mattermost - ohj Mattermost/textarea_t'

2019-12-20 14:39:10 - [TEST_STEP][PASSED] - setText(findTestObject("Object Repository/EditPublicChannelPurpose/Page_Mattermost - ohj Mattermost/textarea_te"), "tes"): Text 'tes' is set on object 'Object Repository/EditPublicChannelPurpose/Page_Mattermost - ohj Mattermost/textarea_te'

2019-12-20 14:39:10 - [MESSAGE][PASSED] - Text 'tes' is set on object 'Object Repository/EditPublicChannelPurpose/Page_Mattermost - ohj Mattermost/textarea_te'

2019-12-20 14:39:10 - [TEST_STEP][PASSED] - setText(findTestObject("Object Repository/EditPublicChannelPurpose/Page_Mattermost - ohj Mattermost/textarea_tes"), "test"): Text 'test' is set on object 'Object Repository/EditPublicChannelPurpose/Page_Mattermost - ohj Mattermost/textarea_tes'

2019-12-20 14:39:11 - [MESSAGE][PASSED] - Text 'test' is set on object 'Object Repository/EditPublicChannelPurpose/Page_Mattermost - ohj Mattermost/textarea_tes'

2019-12-20 14:39:11 - [TEST_STEP][PASSED] - click(findTestObject("Object Repository/EditPublicChannelPurpose/Page_Mattermost - ohj Mattermost/button_Save")): Object: 'Object Repository/EditPublicChannelPurpose/Page_Mattermost - ohj Mattermost/button_Save' is clicked on

2019-12-20 14:39:12 - [MESSAGE][PASSED] - Object: 'Object Repository/EditPublicChannelPurpose/Page_Mattermost - ohj Mattermost/button_Save' is clicked on

2019-12-20 14:39:12 - [TEST_STEP][PASSED] - closeBrowser(): Browser is closed

2019-12-20 14:39:13 - [MESSAGE][PASSED] - Browser is closed]]></system-out>
         <system-err><![CDATA[]]></system-err>
      </testcase>
      <testcase name="Test Cases/Edit Account Full Name With All Fields Filled" time="30.487" classname="Test Cases/Edit Account Full Name With All Fields Filled" status="PASSED">
         <system-out><![CDATA[2019-12-20 14:39:13 - [TEST_CASE][PASSED] - Test Cases/Edit Account Full Name With All Fields Filled: Test Cases/Edit Account Full Name With All Fields Filled

2019-12-20 14:39:14 - [TEST_STEP][PASSED] - openBrowser(""): Browser is opened with url: ''

2019-12-20 14:39:14 - [MESSAGE][INFO] - Starting 'Firefox' driver

2019-12-20 14:39:17 - [MESSAGE][PASSED] - Browser is opened with url: ''

2019-12-20 14:39:17 - [TEST_STEP][PASSED] - navigateToUrl("https://mattermost-usecase.herokuapp.com/"): Navigate to 'https://mattermost-usecase.herokuapp.com/' successfully

2019-12-20 14:39:26 - [MESSAGE][PASSED] - Navigate to 'https://mattermost-usecase.herokuapp.com/' successfully

2019-12-20 14:39:26 - [TEST_STEP][PASSED] - setText(findTestObject("Object Repository/Edit Account Full Name With All Fields Filled/Page_Mattermost/input_All team communication in one place s_703ef5"), "hieuminhnguyen95@gmail.com"): Text 'hieuminhnguyen95@gmail.com' is set on object 'Object Repository/Edit Account Full Name With All Fields Filled/Page_Mattermost/input_All team communication in one place s_703ef5'

2019-12-20 14:39:32 - [MESSAGE][PASSED] - Text 'hieuminhnguyen95@gmail.com' is set on object 'Object Repository/Edit Account Full Name With All Fields Filled/Page_Mattermost/input_All team communication in one place s_703ef5'

2019-12-20 14:39:32 - [TEST_STEP][PASSED] - setEncryptedText(findTestObject("Object Repository/Edit Account Full Name With All Fields Filled/Page_Mattermost/input_All team communication in one place s_2f2733"), "MkITpGSjdNjAaKH8FIw/Og=="): Text ****** has been set on object 'Object Repository/Edit Account Full Name With All Fields Filled/Page_Mattermost/input_All team communication in one place s_2f2733'

2019-12-20 14:39:32 - [MESSAGE][PASSED] - Text ****** has been set on object 'Object Repository/Edit Account Full Name With All Fields Filled/Page_Mattermost/input_All team communication in one place s_2f2733'

2019-12-20 14:39:32 - [TEST_STEP][PASSED] - click(findTestObject("Object Repository/Edit Account Full Name With All Fields Filled/Page_Mattermost/span_Sign in")): Object: 'Object Repository/Edit Account Full Name With All Fields Filled/Page_Mattermost/span_Sign in' is clicked on

2019-12-20 14:39:33 - [MESSAGE][PASSED] - Object: 'Object Repository/Edit Account Full Name With All Fields Filled/Page_Mattermost/span_Sign in' is clicked on

2019-12-20 14:39:33 - [TEST_STEP][PASSED] - click(findTestObject("Object Repository/Edit Account Full Name With All Fields Filled/Page_(1)  Town Square - Squad Mattermost/button_hieudz123_style--none sidebar-header_f9a64e")): Object: 'Object Repository/Edit Account Full Name With All Fields Filled/Page_(1)  Town Square - Squad Mattermost/button_hieudz123_style--none sidebar-header_f9a64e' is clicked on

2019-12-20 14:39:37 - [MESSAGE][PASSED] - Object: 'Object Repository/Edit Account Full Name With All Fields Filled/Page_(1)  Town Square - Squad Mattermost/button_hieudz123_style--none sidebar-header_f9a64e' is clicked on

2019-12-20 14:39:37 - [TEST_STEP][PASSED] - click(findTestObject("Object Repository/Edit Account Full Name With All Fields Filled/Page_(1)  Town Square - Squad Mattermost/button_Account Settings")): Object: 'Object Repository/Edit Account Full Name With All Fields Filled/Page_(1)  Town Square - Squad Mattermost/button_Account Settings' is clicked on

2019-12-20 14:39:38 - [MESSAGE][PASSED] - Object: 'Object Repository/Edit Account Full Name With All Fields Filled/Page_(1)  Town Square - Squad Mattermost/button_Account Settings' is clicked on

2019-12-20 14:39:38 - [TEST_STEP][PASSED] - click(findTestObject("Object Repository/Edit Account Full Name With All Fields Filled/Page_(1)  Town Square - Squad Mattermost/span_Edit")): Object: 'Object Repository/Edit Account Full Name With All Fields Filled/Page_(1)  Town Square - Squad Mattermost/span_Edit' is clicked on

2019-12-20 14:39:39 - [MESSAGE][PASSED] - Object: 'Object Repository/Edit Account Full Name With All Fields Filled/Page_(1)  Town Square - Squad Mattermost/span_Edit' is clicked on

2019-12-20 14:39:39 - [TEST_STEP][PASSED] - setText(findTestObject("Object Repository/Edit Account Full Name With All Fields Filled/Page_(1)  Town Square - Squad Mattermost/input_First Name_firstName"), FirstName): Text '' is set on object 'Object Repository/Edit Account Full Name With All Fields Filled/Page_(1)  Town Square - Squad Mattermost/input_First Name_firstName'

2019-12-20 14:39:40 - [MESSAGE][PASSED] - Text '' is set on object 'Object Repository/Edit Account Full Name With All Fields Filled/Page_(1)  Town Square - Squad Mattermost/input_First Name_firstName'

2019-12-20 14:39:40 - [TEST_STEP][PASSED] - setText(findTestObject("Object Repository/Edit Account Full Name With All Fields Filled/Page_(1)  Town Square - Squad Mattermost/input_Last Name_lastName"), LastName): Text '' is set on object 'Object Repository/Edit Account Full Name With All Fields Filled/Page_(1)  Town Square - Squad Mattermost/input_Last Name_lastName'

2019-12-20 14:39:40 - [MESSAGE][PASSED] - Text '' is set on object 'Object Repository/Edit Account Full Name With All Fields Filled/Page_(1)  Town Square - Squad Mattermost/input_Last Name_lastName'

2019-12-20 14:39:40 - [TEST_STEP][PASSED] - click(findTestObject("Object Repository/Edit Account Full Name With All Fields Filled/Page_(1)  Town Square - Squad Mattermost/span_Save")): Object: 'Object Repository/Edit Account Full Name With All Fields Filled/Page_(1)  Town Square - Squad Mattermost/span_Save' is clicked on

2019-12-20 14:39:41 - [MESSAGE][PASSED] - Object: 'Object Repository/Edit Account Full Name With All Fields Filled/Page_(1)  Town Square - Squad Mattermost/span_Save' is clicked on

2019-12-20 14:39:41 - [TEST_STEP][PASSED] - click(findTestObject("Object Repository/Edit Account Full Name With All Fields Filled/Page_(1)  Town Square - Squad Mattermost/span_")): Object: 'Object Repository/Edit Account Full Name With All Fields Filled/Page_(1)  Town Square - Squad Mattermost/span_' is clicked on

2019-12-20 14:39:41 - [MESSAGE][PASSED] - Object: 'Object Repository/Edit Account Full Name With All Fields Filled/Page_(1)  Town Square - Squad Mattermost/span_' is clicked on

2019-12-20 14:39:41 - [TEST_STEP][PASSED] - closeBrowser(): Browser is closed

2019-12-20 14:39:44 - [MESSAGE][PASSED] - Browser is closed]]></system-out>
         <system-err><![CDATA[]]></system-err>
      </testcase>
      <testcase name="Test Cases/Edit public channel headers" time="31.925" classname="Test Cases/Edit public channel headers" status="PASSED">
         <system-out><![CDATA[2019-12-20 14:39:44 - [TEST_CASE][PASSED] - Test Cases/Edit public channel headers: Test Cases/Edit public channel headers

2019-12-20 14:39:44 - [TEST_STEP][PASSED] - openBrowser(""): Browser is opened with url: ''

2019-12-20 14:39:44 - [MESSAGE][INFO] - Starting 'Firefox' driver

2019-12-20 14:39:47 - [MESSAGE][PASSED] - Browser is opened with url: ''

2019-12-20 14:39:47 - [TEST_STEP][PASSED] - navigateToUrl("https://mattermost-usecase.herokuapp.com/"): Navigate to 'https://mattermost-usecase.herokuapp.com/' successfully

2019-12-20 14:39:56 - [MESSAGE][PASSED] - Navigate to 'https://mattermost-usecase.herokuapp.com/' successfully

2019-12-20 14:39:56 - [TEST_STEP][PASSED] - setText(findTestObject("Object Repository/EditPublicChannelHeaders/Page_Mattermost/input_All team communication in one place s_703ef5"), "dhgbao@apcs.vn"): Text 'dhgbao@apcs.vn' is set on object 'Object Repository/EditPublicChannelHeaders/Page_Mattermost/input_All team communication in one place s_703ef5'

2019-12-20 14:40:04 - [MESSAGE][PASSED] - Text 'dhgbao@apcs.vn' is set on object 'Object Repository/EditPublicChannelHeaders/Page_Mattermost/input_All team communication in one place s_703ef5'

2019-12-20 14:40:04 - [TEST_STEP][PASSED] - setText(findTestObject("Object Repository/EditPublicChannelHeaders/Page_Mattermost/input_All team communication in one place s_2f2733"), "123456789"): Text '123456789' is set on object 'Object Repository/EditPublicChannelHeaders/Page_Mattermost/input_All team communication in one place s_2f2733'

2019-12-20 14:40:04 - [MESSAGE][PASSED] - Text '123456789' is set on object 'Object Repository/EditPublicChannelHeaders/Page_Mattermost/input_All team communication in one place s_2f2733'

2019-12-20 14:40:04 - [TEST_STEP][PASSED] - sendKeys(findTestObject("Object Repository/EditPublicChannelHeaders/Page_Mattermost/input_All team communication in one place s_2f2733"), Keys.chord(ENTER)): Keys 'ENTER + ' sent to object: 'Object Repository/EditPublicChannelHeaders/Page_Mattermost/input_All team communication in one place s_2f2733'

2019-12-20 14:40:05 - [MESSAGE][PASSED] - Keys 'ENTER + ' sent to object: 'Object Repository/EditPublicChannelHeaders/Page_Mattermost/input_All team communication in one place s_2f2733'

2019-12-20 14:40:05 - [TEST_STEP][PASSED] - click(findTestObject("Object Repository/EditPublicChannelHeaders/Page_ Town Square - asdasdas Mattermost/span_Town Square_channelHeaderDropdownIcon")): Object: 'Object Repository/EditPublicChannelHeaders/Page_ Town Square - asdasdas Mattermost/span_Town Square_channelHeaderDropdownIcon' is clicked on

2019-12-20 14:40:09 - [MESSAGE][PASSED] - Object: 'Object Repository/EditPublicChannelHeaders/Page_ Town Square - asdasdas Mattermost/span_Town Square_channelHeaderDropdownIcon' is clicked on

2019-12-20 14:40:09 - [TEST_STEP][PASSED] - click(findTestObject("Object Repository/EditPublicChannelHeaders/Page_ Town Square - asdasdas Mattermost/button_Edit Channel Header")): Object: 'Object Repository/EditPublicChannelHeaders/Page_ Town Square - asdasdas Mattermost/button_Edit Channel Header' is clicked on

2019-12-20 14:40:09 - [MESSAGE][PASSED] - Object: 'Object Repository/EditPublicChannelHeaders/Page_ Town Square - asdasdas Mattermost/button_Edit Channel Header' is clicked on

2019-12-20 14:40:09 - [TEST_STEP][PASSED] - setText(findTestObject("Object Repository/EditPublicChannelHeaders/Page_ Town Square - asdasdas Mattermost/textarea_Edit the Channel Header_edit_textbox"), "P"): Text 'P' is set on object 'Object Repository/EditPublicChannelHeaders/Page_ Town Square - asdasdas Mattermost/textarea_Edit the Channel Header_edit_textbox'

2019-12-20 14:40:10 - [MESSAGE][PASSED] - Text 'P' is set on object 'Object Repository/EditPublicChannelHeaders/Page_ Town Square - asdasdas Mattermost/textarea_Edit the Channel Header_edit_textbox'

2019-12-20 14:40:10 - [TEST_STEP][PASSED] - setText(findTestObject("Object Repository/EditPublicChannelHeaders/Page_ Town Square - asdasdas Mattermost/textarea_P"), "Pr"): Text 'Pr' is set on object 'Object Repository/EditPublicChannelHeaders/Page_ Town Square - asdasdas Mattermost/textarea_P'

2019-12-20 14:40:10 - [MESSAGE][PASSED] - Text 'Pr' is set on object 'Object Repository/EditPublicChannelHeaders/Page_ Town Square - asdasdas Mattermost/textarea_P'

2019-12-20 14:40:10 - [TEST_STEP][PASSED] - setText(findTestObject("Object Repository/EditPublicChannelHeaders/Page_ Town Square - asdasdas Mattermost/textarea_Pr"), "Pro"): Text 'Pro' is set on object 'Object Repository/EditPublicChannelHeaders/Page_ Town Square - asdasdas Mattermost/textarea_Pr'

2019-12-20 14:40:11 - [MESSAGE][PASSED] - Text 'Pro' is set on object 'Object Repository/EditPublicChannelHeaders/Page_ Town Square - asdasdas Mattermost/textarea_Pr'

2019-12-20 14:40:11 - [TEST_STEP][PASSED] - setText(findTestObject("Object Repository/EditPublicChannelHeaders/Page_ Town Square - asdasdas Mattermost/textarea_Pro"), "Proj"): Text 'Proj' is set on object 'Object Repository/EditPublicChannelHeaders/Page_ Town Square - asdasdas Mattermost/textarea_Pro'

2019-12-20 14:40:11 - [MESSAGE][PASSED] - Text 'Proj' is set on object 'Object Repository/EditPublicChannelHeaders/Page_ Town Square - asdasdas Mattermost/textarea_Pro'

2019-12-20 14:40:11 - [TEST_STEP][PASSED] - setText(findTestObject("Object Repository/EditPublicChannelHeaders/Page_ Town Square - asdasdas Mattermost/textarea_Proj"), "Proje"): Text 'Proje' is set on object 'Object Repository/EditPublicChannelHeaders/Page_ Town Square - asdasdas Mattermost/textarea_Proj'

2019-12-20 14:40:12 - [MESSAGE][PASSED] - Text 'Proje' is set on object 'Object Repository/EditPublicChannelHeaders/Page_ Town Square - asdasdas Mattermost/textarea_Proj'

2019-12-20 14:40:12 - [TEST_STEP][PASSED] - setText(findTestObject("Object Repository/EditPublicChannelHeaders/Page_ Town Square - asdasdas Mattermost/textarea_Proje"), "Projec"): Text 'Projec' is set on object 'Object Repository/EditPublicChannelHeaders/Page_ Town Square - asdasdas Mattermost/textarea_Proje'

2019-12-20 14:40:13 - [MESSAGE][PASSED] - Text 'Projec' is set on object 'Object Repository/EditPublicChannelHeaders/Page_ Town Square - asdasdas Mattermost/textarea_Proje'

2019-12-20 14:40:13 - [TEST_STEP][PASSED] - setText(findTestObject("Object Repository/EditPublicChannelHeaders/Page_ Town Square - asdasdas Mattermost/textarea_Projec"), "Project"): Text 'Project' is set on object 'Object Repository/EditPublicChannelHeaders/Page_ Town Square - asdasdas Mattermost/textarea_Projec'

2019-12-20 14:40:13 - [MESSAGE][PASSED] - Text 'Project' is set on object 'Object Repository/EditPublicChannelHeaders/Page_ Town Square - asdasdas Mattermost/textarea_Projec'

2019-12-20 14:40:13 - [TEST_STEP][PASSED] - click(findTestObject("Object Repository/EditPublicChannelHeaders/Page_ Town Square - asdasdas Mattermost/button_Save")): Object: 'Object Repository/EditPublicChannelHeaders/Page_ Town Square - asdasdas Mattermost/button_Save' is clicked on

2019-12-20 14:40:14 - [MESSAGE][PASSED] - Object: 'Object Repository/EditPublicChannelHeaders/Page_ Town Square - asdasdas Mattermost/button_Save' is clicked on

2019-12-20 14:40:14 - [TEST_STEP][PASSED] - closeBrowser(): Browser is closed

2019-12-20 14:40:16 - [MESSAGE][PASSED] - Browser is closed]]></system-out>
         <system-err><![CDATA[]]></system-err>
      </testcase>
      <testcase name="Test Cases/Change Team Description" time="31.458" classname="Test Cases/Change Team Description" status="PASSED">
         <system-out><![CDATA[2019-12-20 14:40:16 - [TEST_CASE][PASSED] - Test Cases/Change Team Description: Test Cases/Change Team Description

2019-12-20 14:40:16 - [TEST_STEP][PASSED] - openBrowser(""): Browser is opened with url: ''

2019-12-20 14:40:16 - [MESSAGE][INFO] - Starting 'Firefox' driver

2019-12-20 14:40:20 - [MESSAGE][PASSED] - Browser is opened with url: ''

2019-12-20 14:40:20 - [TEST_STEP][PASSED] - navigateToUrl("https://mattermost-usecase.herokuapp.com/"): Navigate to 'https://mattermost-usecase.herokuapp.com/' successfully

2019-12-20 14:40:30 - [MESSAGE][PASSED] - Navigate to 'https://mattermost-usecase.herokuapp.com/' successfully

2019-12-20 14:40:30 - [TEST_STEP][PASSED] - setText(findTestObject("Object Repository/Change Team Description/Page_Mattermost/input_All team communication in one place s_703ef5"), "hieuminhnguyen95@gmail.com"): Text 'hieuminhnguyen95@gmail.com' is set on object 'Object Repository/Change Team Description/Page_Mattermost/input_All team communication in one place s_703ef5'

2019-12-20 14:40:36 - [MESSAGE][PASSED] - Text 'hieuminhnguyen95@gmail.com' is set on object 'Object Repository/Change Team Description/Page_Mattermost/input_All team communication in one place s_703ef5'

2019-12-20 14:40:36 - [TEST_STEP][PASSED] - setEncryptedText(findTestObject("Object Repository/Change Team Description/Page_Mattermost/input_All team communication in one place s_2f2733"), "MkITpGSjdNjAaKH8FIw/Og=="): Text ****** has been set on object 'Object Repository/Change Team Description/Page_Mattermost/input_All team communication in one place s_2f2733'

2019-12-20 14:40:36 - [MESSAGE][PASSED] - Text ****** has been set on object 'Object Repository/Change Team Description/Page_Mattermost/input_All team communication in one place s_2f2733'

2019-12-20 14:40:36 - [TEST_STEP][PASSED] - click(findTestObject("Object Repository/Change Team Description/Page_Mattermost/span_Sign in")): Object: 'Object Repository/Change Team Description/Page_Mattermost/span_Sign in' is clicked on

2019-12-20 14:40:37 - [MESSAGE][PASSED] - Object: 'Object Repository/Change Team Description/Page_Mattermost/span_Sign in' is clicked on

2019-12-20 14:40:37 - [TEST_STEP][PASSED] - click(findTestObject("Object Repository/Change Team Description/Page_Town Square - Squad Mattermost/span")): Object: 'Object Repository/Change Team Description/Page_Town Square - Squad Mattermost/span' is clicked on

2019-12-20 14:40:41 - [MESSAGE][PASSED] - Object: 'Object Repository/Change Team Description/Page_Town Square - Squad Mattermost/span' is clicked on

2019-12-20 14:40:41 - [TEST_STEP][PASSED] - click(findTestObject("Object Repository/Change Team Description/Page_Town Square - Squad Mattermost/button_Team Settings")): Object: 'Object Repository/Change Team Description/Page_Town Square - Squad Mattermost/button_Team Settings' is clicked on

2019-12-20 14:40:42 - [MESSAGE][PASSED] - Object: 'Object Repository/Change Team Description/Page_Town Square - Squad Mattermost/button_Team Settings' is clicked on

2019-12-20 14:40:42 - [TEST_STEP][PASSED] - click(findTestObject("Object Repository/Change Team Description/Page_Town Square - Squad Mattermost/span_Edit")): Object: 'Object Repository/Change Team Description/Page_Town Square - Squad Mattermost/span_Edit' is clicked on

2019-12-20 14:40:43 - [MESSAGE][PASSED] - Object: 'Object Repository/Change Team Description/Page_Town Square - Squad Mattermost/span_Edit' is clicked on

2019-12-20 14:40:43 - [TEST_STEP][PASSED] - setText(findTestObject("Object Repository/Change Team Description/Page_Town Square - Squad Mattermost/input_Team Description_teamDescription"), "description"): Text 'description' is set on object 'Object Repository/Change Team Description/Page_Town Square - Squad Mattermost/input_Team Description_teamDescription'

2019-12-20 14:40:43 - [MESSAGE][PASSED] - Text 'description' is set on object 'Object Repository/Change Team Description/Page_Town Square - Squad Mattermost/input_Team Description_teamDescription'

2019-12-20 14:40:43 - [TEST_STEP][PASSED] - click(findTestObject("Object Repository/Change Team Description/Page_Town Square - Squad Mattermost/button_Save")): Object: 'Object Repository/Change Team Description/Page_Town Square - Squad Mattermost/button_Save' is clicked on

2019-12-20 14:40:44 - [MESSAGE][PASSED] - Object: 'Object Repository/Change Team Description/Page_Town Square - Squad Mattermost/button_Save' is clicked on

2019-12-20 14:40:44 - [TEST_STEP][PASSED] - click(findTestObject("Object Repository/Change Team Description/Page_Town Square - Squad Mattermost/span_")): Object: 'Object Repository/Change Team Description/Page_Town Square - Squad Mattermost/span_' is clicked on

2019-12-20 14:40:44 - [MESSAGE][PASSED] - Object: 'Object Repository/Change Team Description/Page_Town Square - Squad Mattermost/span_' is clicked on

2019-12-20 14:40:44 - [TEST_STEP][PASSED] - closeBrowser(): Browser is closed

2019-12-20 14:40:47 - [MESSAGE][PASSED] - Browser is closed]]></system-out>
         <system-err><![CDATA[]]></system-err>
      </testcase>
      <testcase name="Test Cases/Create message on private channel" time="31.255" classname="Test Cases/Create message on private channel" status="PASSED">
         <system-out><![CDATA[2019-12-20 14:40:47 - [TEST_CASE][PASSED] - Test Cases/Create message on private channel: Test Cases/Create message on private channel

2019-12-20 14:40:47 - [TEST_STEP][PASSED] - openBrowser(""): Browser is opened with url: ''

2019-12-20 14:40:47 - [MESSAGE][INFO] - Starting 'Firefox' driver

2019-12-20 14:40:51 - [MESSAGE][PASSED] - Browser is opened with url: ''

2019-12-20 14:40:51 - [TEST_STEP][PASSED] - navigateToUrl("https://mattermost-usecase.herokuapp.com/"): Navigate to 'https://mattermost-usecase.herokuapp.com/' successfully

2019-12-20 14:41:01 - [MESSAGE][PASSED] - Navigate to 'https://mattermost-usecase.herokuapp.com/' successfully

2019-12-20 14:41:01 - [TEST_STEP][PASSED] - setText(findTestObject("Page_Mattermost/input_All team communication in one place s_703ef5"), "bannnnn"): Text 'bannnnn' is set on object 'Object Repository/Page_Mattermost/input_All team communication in one place s_703ef5'

2019-12-20 14:41:08 - [MESSAGE][PASSED] - Text 'bannnnn' is set on object 'Object Repository/Page_Mattermost/input_All team communication in one place s_703ef5'

2019-12-20 14:41:08 - [TEST_STEP][PASSED] - setEncryptedText(findTestObject("Page_Mattermost/input_All team communication in one place s_2f2733"), "6M8jdlTs8n6rOnocPaG5Cw=="): Text ****** has been set on object 'Object Repository/Page_Mattermost/input_All team communication in one place s_2f2733'

2019-12-20 14:41:08 - [MESSAGE][PASSED] - Text ****** has been set on object 'Object Repository/Page_Mattermost/input_All team communication in one place s_2f2733'

2019-12-20 14:41:08 - [TEST_STEP][PASSED] - click(findTestObject("Page_Mattermost/span_Sign in")): Object: 'Object Repository/Page_Mattermost/span_Sign in' is clicked on

2019-12-20 14:41:09 - [MESSAGE][PASSED] - Object: 'Object Repository/Page_Mattermost/span_Sign in' is clicked on

2019-12-20 14:41:09 - [TEST_STEP][PASSED] - click(findTestObject("Object Repository/Private channel/Page_Town Square - test-case Mattermost/span_Test create private channel")): Object: 'Object Repository/Private channel/Page_Town Square - test-case Mattermost/span_Test create private channel' is clicked on

2019-12-20 14:41:14 - [MESSAGE][PASSED] - Object: 'Object Repository/Private channel/Page_Town Square - test-case Mattermost/span_Test create private channel' is clicked on

2019-12-20 14:41:14 - [TEST_STEP][PASSED] - setText(findTestObject("Object Repository/Private channel/Page_Test create private channel - test-cas_2f9e36/textarea_Write to Test create private chann_a08f9f"), "h"): Text 'h' is set on object 'Object Repository/Private channel/Page_Test create private channel - test-cas_2f9e36/textarea_Write to Test create private chann_a08f9f'

2019-12-20 14:41:15 - [MESSAGE][PASSED] - Text 'h' is set on object 'Object Repository/Private channel/Page_Test create private channel - test-cas_2f9e36/textarea_Write to Test create private chann_a08f9f'

2019-12-20 14:41:15 - [TEST_STEP][PASSED] - setText(findTestObject("Object Repository/Private channel/Page_Test create private channel - test-cas_2f9e36/textarea_h"), "he"): Text 'he' is set on object 'Object Repository/Private channel/Page_Test create private channel - test-cas_2f9e36/textarea_h'

2019-12-20 14:41:15 - [MESSAGE][PASSED] - Text 'he' is set on object 'Object Repository/Private channel/Page_Test create private channel - test-cas_2f9e36/textarea_h'

2019-12-20 14:41:15 - [TEST_STEP][PASSED] - setText(findTestObject("Object Repository/Private channel/Page_Test create private channel - test-cas_2f9e36/textarea_he"), "hel"): Text 'hel' is set on object 'Object Repository/Private channel/Page_Test create private channel - test-cas_2f9e36/textarea_he'

2019-12-20 14:41:16 - [MESSAGE][PASSED] - Text 'hel' is set on object 'Object Repository/Private channel/Page_Test create private channel - test-cas_2f9e36/textarea_he'

2019-12-20 14:41:16 - [TEST_STEP][PASSED] - setText(findTestObject("Object Repository/Private channel/Page_Test create private channel - test-cas_2f9e36/textarea_hel"), "hell"): Text 'hell' is set on object 'Object Repository/Private channel/Page_Test create private channel - test-cas_2f9e36/textarea_hel'

2019-12-20 14:41:16 - [MESSAGE][PASSED] - Text 'hell' is set on object 'Object Repository/Private channel/Page_Test create private channel - test-cas_2f9e36/textarea_hel'

2019-12-20 14:41:16 - [TEST_STEP][PASSED] - setText(findTestObject("Object Repository/Private channel/Page_Test create private channel - test-cas_2f9e36/textarea_hell"), "hello"): Text 'hello' is set on object 'Object Repository/Private channel/Page_Test create private channel - test-cas_2f9e36/textarea_hell'

2019-12-20 14:41:17 - [MESSAGE][PASSED] - Text 'hello' is set on object 'Object Repository/Private channel/Page_Test create private channel - test-cas_2f9e36/textarea_hell'

2019-12-20 14:41:17 - [TEST_STEP][PASSED] - closeBrowser(): Browser is closed

2019-12-20 14:41:18 - [MESSAGE][PASSED] - Browser is closed]]></system-out>
         <system-err><![CDATA[]]></system-err>
      </testcase>
      <testcase name="Test Cases/Tag private member in private channel" time="130.199" classname="Test Cases/Tag private member in private channel" status="FAILED">
         <failure type="FAILED" message="Test Cases/Tag private member in private channel FAILED.
Reason:
com.kms.katalon.core.exception.StepFailedException: Unable to click on object 'Object Repository/Page_Test create private channel - test-cas_2f9e36/div_h13uct_1'
	at com.kms.katalon.core.webui.keyword.internal.WebUIKeywordMain.stepFailed(WebUIKeywordMain.groovy:64)
	at com.kms.katalon.core.webui.keyword.internal.WebUIKeywordMain.runKeyword(WebUIKeywordMain.groovy:26)
	at com.kms.katalon.core.webui.keyword.builtin.ClickKeyword.click(ClickKeyword.groovy:102)
	at com.kms.katalon.core.webui.keyword.builtin.ClickKeyword.execute(ClickKeyword.groovy:43)
	at com.kms.katalon.core.keyword.internal.KeywordExecutor.executeKeywordForPlatform(KeywordExecutor.groovy:72)
	at com.kms.katalon.core.webui.keyword.WebUiBuiltInKeywords.click(WebUiBuiltInKeywords.groovy:616)
	at com.kms.katalon.core.webui.keyword.WebUiBuiltInKeywords$click$3.call(Unknown Source)
	at Tag private member in private channel.run(Tag private member in private channel:75)
	at com.kms.katalon.core.main.ScriptEngine.run(ScriptEngine.java:194)
	at com.kms.katalon.core.main.ScriptEngine.runScriptAsRawText(ScriptEngine.java:119)
	at com.kms.katalon.core.main.TestCaseExecutor.runScript(TestCaseExecutor.java:337)
	at com.kms.katalon.core.main.TestCaseExecutor.doExecute(TestCaseExecutor.java:328)
	at com.kms.katalon.core.main.TestCaseExecutor.processExecutionPhase(TestCaseExecutor.java:307)
	at com.kms.katalon.core.main.TestCaseExecutor.accessMainPhase(TestCaseExecutor.java:299)
	at com.kms.katalon.core.main.TestCaseExecutor.execute(TestCaseExecutor.java:233)
	at com.kms.katalon.core.main.TestSuiteExecutor.accessTestCaseMainPhase(TestSuiteExecutor.java:169)
	at com.kms.katalon.core.main.TestSuiteExecutor.accessTestSuiteMainPhase(TestSuiteExecutor.java:142)
	at com.kms.katalon.core.main.TestSuiteExecutor.execute(TestSuiteExecutor.java:91)
	at com.kms.katalon.core.main.TestCaseMain.startTestSuite(TestCaseMain.java:157)
	at com.kms.katalon.core.main.TestCaseMain$startTestSuite$0.call(Unknown Source)
	at TempTestSuite1576827333385.run(TempTestSuite1576827333385.groovy:36)
Caused by: com.kms.katalon.core.webui.exception.WebElementNotFoundException: Web element with id: 'Object Repository/Page_Test create private channel - test-cas_2f9e36/div_h13uct_1' located by 'By.xpath: //div[@id='suggestionList']/div[2]' not found
	at com.kms.katalon.core.webui.common.WebUiCommonHelper.findWebElement(WebUiCommonHelper.java:1154)
	at com.kms.katalon.core.webui.keyword.internal.WebUIAbstractKeyword.findWebElement(WebUIAbstractKeyword.groovy:27)
	at com.kms.katalon.core.webui.keyword.internal.WebUIAbstractKeyword.findWebElement(WebUIAbstractKeyword.groovy:26)
	at com.kms.katalon.core.webui.keyword.builtin.ClickKeyword$_click_closure1.doCall(ClickKeyword.groovy:67)
	at com.kms.katalon.core.webui.keyword.builtin.ClickKeyword$_click_closure1.call(ClickKeyword.groovy)
	at com.kms.katalon.core.webui.keyword.internal.WebUIKeywordMain.runKeyword(WebUIKeywordMain.groovy:20)
	... 19 more
"/>
         <system-out><![CDATA[2019-12-20 14:41:18 - [TEST_CASE][FAILED] - Test Cases/Tag private member in private channel: Test Cases/Tag private member in private channel FAILED.
Reason:
com.kms.katalon.core.exception.StepFailedException: Unable to click on object 'Object Repository/Page_Test create private channel - test-cas_2f9e36/div_h13uct_1'
	at com.kms.katalon.core.webui.keyword.internal.WebUIKeywordMain.stepFailed(WebUIKeywordMain.groovy:64)
	at com.kms.katalon.core.webui.keyword.internal.WebUIKeywordMain.runKeyword(WebUIKeywordMain.groovy:26)
	at com.kms.katalon.core.webui.keyword.builtin.ClickKeyword.click(ClickKeyword.groovy:102)
	at com.kms.katalon.core.webui.keyword.builtin.ClickKeyword.execute(ClickKeyword.groovy:43)
	at com.kms.katalon.core.keyword.internal.KeywordExecutor.executeKeywordForPlatform(KeywordExecutor.groovy:72)
	at com.kms.katalon.core.webui.keyword.WebUiBuiltInKeywords.click(WebUiBuiltInKeywords.groovy:616)
	at com.kms.katalon.core.webui.keyword.WebUiBuiltInKeywords$click$3.call(Unknown Source)
	at Tag private member in private channel.run(Tag private member in private channel:75)
	at com.kms.katalon.core.main.ScriptEngine.run(ScriptEngine.java:194)
	at com.kms.katalon.core.main.ScriptEngine.runScriptAsRawText(ScriptEngine.java:119)
	at com.kms.katalon.core.main.TestCaseExecutor.runScript(TestCaseExecutor.java:337)
	at com.kms.katalon.core.main.TestCaseExecutor.doExecute(TestCaseExecutor.java:328)
	at com.kms.katalon.core.main.TestCaseExecutor.processExecutionPhase(TestCaseExecutor.java:307)
	at com.kms.katalon.core.main.TestCaseExecutor.accessMainPhase(TestCaseExecutor.java:299)
	at com.kms.katalon.core.main.TestCaseExecutor.execute(TestCaseExecutor.java:233)
	at com.kms.katalon.core.main.TestSuiteExecutor.accessTestCaseMainPhase(TestSuiteExecutor.java:169)
	at com.kms.katalon.core.main.TestSuiteExecutor.accessTestSuiteMainPhase(TestSuiteExecutor.java:142)
	at com.kms.katalon.core.main.TestSuiteExecutor.execute(TestSuiteExecutor.java:91)
	at com.kms.katalon.core.main.TestCaseMain.startTestSuite(TestCaseMain.java:157)
	at com.kms.katalon.core.main.TestCaseMain$startTestSuite$0.call(Unknown Source)
	at TempTestSuite1576827333385.run(TempTestSuite1576827333385.groovy:36)
Caused by: com.kms.katalon.core.webui.exception.WebElementNotFoundException: Web element with id: 'Object Repository/Page_Test create private channel - test-cas_2f9e36/div_h13uct_1' located by 'By.xpath: //div[@id='suggestionList']/div[2]' not found
	at com.kms.katalon.core.webui.common.WebUiCommonHelper.findWebElement(WebUiCommonHelper.java:1154)
	at com.kms.katalon.core.webui.keyword.internal.WebUIAbstractKeyword.findWebElement(WebUIAbstractKeyword.groovy:27)
	at com.kms.katalon.core.webui.keyword.internal.WebUIAbstractKeyword.findWebElement(WebUIAbstractKeyword.groovy:26)
	at com.kms.katalon.core.webui.keyword.builtin.ClickKeyword$_click_closure1.doCall(ClickKeyword.groovy:67)
	at com.kms.katalon.core.webui.keyword.builtin.ClickKeyword$_click_closure1.call(ClickKeyword.groovy)
	at com.kms.katalon.core.webui.keyword.internal.WebUIKeywordMain.runKeyword(WebUIKeywordMain.groovy:20)
	... 19 more


2019-12-20 14:41:19 - [TEST_STEP][PASSED] - openBrowser(""): Browser is opened with url: ''

2019-12-20 14:41:19 - [MESSAGE][INFO] - Starting 'Firefox' driver

2019-12-20 14:41:22 - [MESSAGE][PASSED] - Browser is opened with url: ''

2019-12-20 14:41:22 - [TEST_STEP][PASSED] - navigateToUrl("https://mattermost-usecase.herokuapp.com"): Navigate to 'https://mattermost-usecase.herokuapp.com' successfully

2019-12-20 14:41:32 - [MESSAGE][PASSED] - Navigate to 'https://mattermost-usecase.herokuapp.com' successfully

2019-12-20 14:41:32 - [TEST_STEP][PASSED] - setText(findTestObject("Object Repository/Page_Mattermost/input_All team communication in one place s_703ef5"), "bannnnn"): Text 'bannnnn' is set on object 'Object Repository/Page_Mattermost/input_All team communication in one place s_703ef5'

2019-12-20 14:41:39 - [MESSAGE][PASSED] - Text 'bannnnn' is set on object 'Object Repository/Page_Mattermost/input_All team communication in one place s_703ef5'

2019-12-20 14:41:39 - [TEST_STEP][PASSED] - setEncryptedText(findTestObject("Object Repository/Page_Mattermost/input_All team communication in one place s_2f2733"), "6M8jdlTs8n6rOnocPaG5Cw=="): Text ****** has been set on object 'Object Repository/Page_Mattermost/input_All team communication in one place s_2f2733'

2019-12-20 14:41:40 - [MESSAGE][PASSED] - Text ****** has been set on object 'Object Repository/Page_Mattermost/input_All team communication in one place s_2f2733'

2019-12-20 14:41:40 - [TEST_STEP][PASSED] - click(findTestObject("Object Repository/Page_Mattermost/span_Sign in")): Object: 'Object Repository/Page_Mattermost/span_Sign in' is clicked on

2019-12-20 14:41:41 - [MESSAGE][PASSED] - Object: 'Object Repository/Page_Mattermost/span_Sign in' is clicked on

2019-12-20 14:41:41 - [TEST_STEP][PASSED] - click(findTestObject("Object Repository/Page_Town Square - test-case Mattermost/span_Test create private channel")): Object: 'Object Repository/Page_Town Square - test-case Mattermost/span_Test create private channel' is clicked on

2019-12-20 14:41:45 - [MESSAGE][PASSED] - Object: 'Object Repository/Page_Town Square - test-case Mattermost/span_Test create private channel' is clicked on

2019-12-20 14:41:45 - [TEST_STEP][PASSED] - click(findTestObject("Object Repository/Page_Test create private channel - test-cas_2f9e36/span_Invite others to this private channel")): Object: 'Object Repository/Page_Test create private channel - test-cas_2f9e36/span_Invite others to this private channel' is clicked on

2019-12-20 14:41:46 - [MESSAGE][PASSED] - Object: 'Object Repository/Page_Test create private channel - test-cas_2f9e36/span_Invite others to this private channel' is clicked on

2019-12-20 14:41:46 - [TEST_STEP][PASSED] - click(findTestObject("Object Repository/Page_Test create private channel - test-cas_2f9e36/div_h13uct")): Object: 'Object Repository/Page_Test create private channel - test-cas_2f9e36/div_h13uct' is clicked on

2019-12-20 14:41:47 - [MESSAGE][PASSED] - Object: 'Object Repository/Page_Test create private channel - test-cas_2f9e36/div_h13uct' is clicked on

2019-12-20 14:41:47 - [TEST_STEP][PASSED] - click(findTestObject("Object Repository/Page_Test create private channel - test-cas_2f9e36/button_Add")): Object: 'Object Repository/Page_Test create private channel - test-cas_2f9e36/button_Add' is clicked on

2019-12-20 14:41:48 - [MESSAGE][PASSED] - Object: 'Object Repository/Page_Test create private channel - test-cas_2f9e36/button_Add' is clicked on

2019-12-20 14:41:48 - [TEST_STEP][PASSED] - setText(findTestObject("Object Repository/Page_Test create private channel - test-cas_2f9e36/textarea_Write to Test create private chann_a08f9f"), "@"): Text '@' is set on object 'Object Repository/Page_Test create private channel - test-cas_2f9e36/textarea_Write to Test create private chann_a08f9f'

2019-12-20 14:41:49 - [MESSAGE][PASSED] - Text '@' is set on object 'Object Repository/Page_Test create private channel - test-cas_2f9e36/textarea_Write to Test create private chann_a08f9f'

2019-12-20 14:41:49 - [TEST_STEP][PASSED] - setText(findTestObject("Object Repository/Page_Test create private channel - test-cas_2f9e36/textarea_"), "@h"): Text '@h' is set on object 'Object Repository/Page_Test create private channel - test-cas_2f9e36/textarea_'

2019-12-20 14:41:50 - [MESSAGE][PASSED] - Text '@h' is set on object 'Object Repository/Page_Test create private channel - test-cas_2f9e36/textarea_'

2019-12-20 14:41:50 - [TEST_STEP][PASSED] - setText(findTestObject("Object Repository/Page_Test create private channel - test-cas_2f9e36/textarea_h"), "@hi"): Text '@hi' is set on object 'Object Repository/Page_Test create private channel - test-cas_2f9e36/textarea_h'

2019-12-20 14:41:51 - [MESSAGE][PASSED] - Text '@hi' is set on object 'Object Repository/Page_Test create private channel - test-cas_2f9e36/textarea_h'

2019-12-20 14:41:51 - [TEST_STEP][PASSED] - click(findTestObject("Object Repository/Page_Test create private channel - test-cas_2f9e36/span_- new name (NAme)")): Object: 'Object Repository/Page_Test create private channel - test-cas_2f9e36/span_- new name (NAme)' is clicked on

2019-12-20 14:42:32 - [MESSAGE][ERROR] - The element reference of <span class="mention__fullname"> is stale; either the element is no longer attached to the DOM, it is not in the current frame context, or the document has been refreshed
For documentation on this error, please visit: https://www.seleniumhq.org/exceptions/stale_element_reference.html
Build info: version: '3.141.59', revision: 'e82be7d358', time: '2018-11-14T08:25:53'
System info: host: 'Apples-MacBook-Pro-2.local', ip: 'fe80:0:0:0:102d:72:9563:eb23%en0', os.name: 'Mac OS X', os.arch: 'x86_64', os.version: '10.15.1', java.version: '1.8.0_181'
Driver info: com.kms.katalon.core.webui.driver.firefox.CGeckoDriver
Capabilities {acceptInsecureCerts: true, browserName: firefox, browserVersion: 71.0, javascriptEnabled: true, moz:accessibilityChecks: false, moz:buildID: 20191202093317, moz:geckodriverVersion: 0.23.0, moz:headless: false, moz:processID: 5326, moz:profile: /var/folders/69/r_nh2ysj7sj..., moz:shutdownTimeout: 60000, moz:useNonSpecCompliantPointerOrigin: false, moz:webdriverClick: true, pageLoadStrategy: normal, platform: MAC, platformName: MAC, platformVersion: 19.0.0, proxy: Proxy(direct), rotatable: false, setWindowRect: true, strictFileInteractability: false, timeouts: {implicit: 0, pageLoad: 300000, script: 30000}, unhandledPromptBehavior: dismiss and notify}
Session ID: 787cf4f9-7ac4-4e47-8308-7b0f38beeb74

2019-12-20 14:42:32 - [MESSAGE][ERROR] - The element reference of <span class="mention__fullname"> is stale; either the element is no longer attached to the DOM, it is not in the current frame context, or the document has been refreshed
For documentation on this error, please visit: https://www.seleniumhq.org/exceptions/stale_element_reference.html
Build info: version: '3.141.59', revision: 'e82be7d358', time: '2018-11-14T08:25:53'
System info: host: 'Apples-MacBook-Pro-2.local', ip: 'fe80:0:0:0:102d:72:9563:eb23%en0', os.name: 'Mac OS X', os.arch: 'x86_64', os.version: '10.15.1', java.version: '1.8.0_181'
Driver info: com.kms.katalon.core.webui.driver.firefox.CGeckoDriver
Capabilities {acceptInsecureCerts: true, browserName: firefox, browserVersion: 71.0, javascriptEnabled: true, moz:accessibilityChecks: false, moz:buildID: 20191202093317, moz:geckodriverVersion: 0.23.0, moz:headless: false, moz:processID: 5326, moz:profile: /var/folders/69/r_nh2ysj7sj..., moz:shutdownTimeout: 60000, moz:useNonSpecCompliantPointerOrigin: false, moz:webdriverClick: true, pageLoadStrategy: normal, platform: MAC, platformName: MAC, platformVersion: 19.0.0, proxy: Proxy(direct), rotatable: false, setWindowRect: true, strictFileInteractability: false, timeouts: {implicit: 0, pageLoad: 300000, script: 30000}, unhandledPromptBehavior: dismiss and notify}
Session ID: 787cf4f9-7ac4-4e47-8308-7b0f38beeb74

2019-12-20 14:42:32 - [MESSAGE][PASSED] - Object: 'Object Repository/Page_Test create private channel - test-cas_2f9e36/span_- new name (NAme)' is clicked on

2019-12-20 14:42:32 - [TEST_STEP][PASSED] - setText(findTestObject("Object Repository/Page_Test create private channel - test-cas_2f9e36/textarea_hieudz123"), "@hieudz123"): Text '@hieudz123' is set on object 'Object Repository/Page_Test create private channel - test-cas_2f9e36/textarea_hieudz123'

2019-12-20 14:42:33 - [MESSAGE][PASSED] - Text '@hieudz123' is set on object 'Object Repository/Page_Test create private channel - test-cas_2f9e36/textarea_hieudz123'

2019-12-20 14:42:33 - [TEST_STEP][PASSED] - setText(findTestObject("Object Repository/Page_Test create private channel - test-cas_2f9e36/textarea_hieudz123_1"), "@hieudz12"): Text '@hieudz12' is set on object 'Object Repository/Page_Test create private channel - test-cas_2f9e36/textarea_hieudz123_1'

2019-12-20 14:42:35 - [MESSAGE][PASSED] - Text '@hieudz12' is set on object 'Object Repository/Page_Test create private channel - test-cas_2f9e36/textarea_hieudz123_1'

2019-12-20 14:42:35 - [TEST_STEP][PASSED] - setText(findTestObject("Object Repository/Page_Test create private channel - test-cas_2f9e36/textarea_hieudz12"), "@hieudz1"): Text '@hieudz1' is set on object 'Object Repository/Page_Test create private channel - test-cas_2f9e36/textarea_hieudz12'

2019-12-20 14:42:36 - [MESSAGE][PASSED] - Text '@hieudz1' is set on object 'Object Repository/Page_Test create private channel - test-cas_2f9e36/textarea_hieudz12'

2019-12-20 14:42:36 - [TEST_STEP][PASSED] - setText(findTestObject("Object Repository/Page_Test create private channel - test-cas_2f9e36/textarea_hieudz1"), "@hieudz"): Text '@hieudz' is set on object 'Object Repository/Page_Test create private channel - test-cas_2f9e36/textarea_hieudz1'

2019-12-20 14:42:37 - [MESSAGE][PASSED] - Text '@hieudz' is set on object 'Object Repository/Page_Test create private channel - test-cas_2f9e36/textarea_hieudz1'

2019-12-20 14:42:37 - [TEST_STEP][PASSED] - setText(findTestObject("Object Repository/Page_Test create private channel - test-cas_2f9e36/textarea_hieudz"), "@hieud"): Text '@hieud' is set on object 'Object Repository/Page_Test create private channel - test-cas_2f9e36/textarea_hieudz'

2019-12-20 14:42:39 - [MESSAGE][PASSED] - Text '@hieud' is set on object 'Object Repository/Page_Test create private channel - test-cas_2f9e36/textarea_hieudz'

2019-12-20 14:42:39 - [TEST_STEP][PASSED] - setText(findTestObject("Object Repository/Page_Test create private channel - test-cas_2f9e36/textarea_hieud"), "@hieu"): Text '@hieu' is set on object 'Object Repository/Page_Test create private channel - test-cas_2f9e36/textarea_hieud'

2019-12-20 14:42:40 - [MESSAGE][PASSED] - Text '@hieu' is set on object 'Object Repository/Page_Test create private channel - test-cas_2f9e36/textarea_hieud'

2019-12-20 14:42:40 - [TEST_STEP][PASSED] - setText(findTestObject("Object Repository/Page_Test create private channel - test-cas_2f9e36/textarea_hieu"), "@hie"): Text '@hie' is set on object 'Object Repository/Page_Test create private channel - test-cas_2f9e36/textarea_hieu'

2019-12-20 14:42:41 - [MESSAGE][PASSED] - Text '@hie' is set on object 'Object Repository/Page_Test create private channel - test-cas_2f9e36/textarea_hieu'

2019-12-20 14:42:41 - [TEST_STEP][PASSED] - setText(findTestObject("Object Repository/Page_Test create private channel - test-cas_2f9e36/textarea_hie"), "@hi"): Text '@hi' is set on object 'Object Repository/Page_Test create private channel - test-cas_2f9e36/textarea_hie'

2019-12-20 14:42:42 - [MESSAGE][PASSED] - Text '@hi' is set on object 'Object Repository/Page_Test create private channel - test-cas_2f9e36/textarea_hie'

2019-12-20 14:42:42 - [TEST_STEP][PASSED] - setText(findTestObject("Object Repository/Page_Test create private channel - test-cas_2f9e36/textarea_hi"), "@h"): Text '@h' is set on object 'Object Repository/Page_Test create private channel - test-cas_2f9e36/textarea_hi'

2019-12-20 14:42:43 - [MESSAGE][PASSED] - Text '@h' is set on object 'Object Repository/Page_Test create private channel - test-cas_2f9e36/textarea_hi'

2019-12-20 14:42:43 - [TEST_STEP][PASSED] - setText(findTestObject("Object Repository/Page_Test create private channel - test-cas_2f9e36/textarea_h"), "@"): Text '@' is set on object 'Object Repository/Page_Test create private channel - test-cas_2f9e36/textarea_h'

2019-12-20 14:42:43 - [MESSAGE][PASSED] - Text '@' is set on object 'Object Repository/Page_Test create private channel - test-cas_2f9e36/textarea_h'

2019-12-20 14:42:43 - [TEST_STEP][PASSED] - setText(findTestObject("Object Repository/Page_Test create private channel - test-cas_2f9e36/textarea_"), ""): Text '' is set on object 'Object Repository/Page_Test create private channel - test-cas_2f9e36/textarea_'

2019-12-20 14:42:44 - [MESSAGE][PASSED] - Text '' is set on object 'Object Repository/Page_Test create private channel - test-cas_2f9e36/textarea_'

2019-12-20 14:42:44 - [TEST_STEP][PASSED] - setText(findTestObject("Object Repository/Page_Test create private channel - test-cas_2f9e36/textarea_Write to Test create private chann_a08f9f"), "@"): Text '@' is set on object 'Object Repository/Page_Test create private channel - test-cas_2f9e36/textarea_Write to Test create private chann_a08f9f'

2019-12-20 14:42:45 - [MESSAGE][PASSED] - Text '@' is set on object 'Object Repository/Page_Test create private channel - test-cas_2f9e36/textarea_Write to Test create private chann_a08f9f'

2019-12-20 14:42:45 - [TEST_STEP][FAILED] - click(findTestObject("Object Repository/Page_Test create private channel - test-cas_2f9e36/div_h13uct_1")): Unable to click on object 'Object Repository/Page_Test create private channel - test-cas_2f9e36/div_h13uct_1' (Root cause: com.kms.katalon.core.exception.StepFailedException: Unable to click on object 'Object Repository/Page_Test create private channel - test-cas_2f9e36/div_h13uct_1'
	at com.kms.katalon.core.webui.keyword.internal.WebUIKeywordMain.stepFailed(WebUIKeywordMain.groovy:64)
	at com.kms.katalon.core.webui.keyword.internal.WebUIKeywordMain.runKeyword(WebUIKeywordMain.groovy:26)
	at com.kms.katalon.core.webui.keyword.builtin.ClickKeyword.click(ClickKeyword.groovy:102)
	at com.kms.katalon.core.webui.keyword.builtin.ClickKeyword.execute(ClickKeyword.groovy:43)
	at com.kms.katalon.core.keyword.internal.KeywordExecutor.executeKeywordForPlatform(KeywordExecutor.groovy:72)
	at com.kms.katalon.core.webui.keyword.WebUiBuiltInKeywords.click(WebUiBuiltInKeywords.groovy:616)
	at com.kms.katalon.core.webui.keyword.WebUiBuiltInKeywords$click$3.call(Unknown Source)
	at Tag private member in private channel.run(Tag private member in private channel:75)
	at com.kms.katalon.core.main.ScriptEngine.run(ScriptEngine.java:194)
	at com.kms.katalon.core.main.ScriptEngine.runScriptAsRawText(ScriptEngine.java:119)
	at com.kms.katalon.core.main.TestCaseExecutor.runScript(TestCaseExecutor.java:337)
	at com.kms.katalon.core.main.TestCaseExecutor.doExecute(TestCaseExecutor.java:328)
	at com.kms.katalon.core.main.TestCaseExecutor.processExecutionPhase(TestCaseExecutor.java:307)
	at com.kms.katalon.core.main.TestCaseExecutor.accessMainPhase(TestCaseExecutor.java:299)
	at com.kms.katalon.core.main.TestCaseExecutor.execute(TestCaseExecutor.java:233)
	at com.kms.katalon.core.main.TestSuiteExecutor.accessTestCaseMainPhase(TestSuiteExecutor.java:169)
	at com.kms.katalon.core.main.TestSuiteExecutor.accessTestSuiteMainPhase(TestSuiteExecutor.java:142)
	at com.kms.katalon.core.main.TestSuiteExecutor.execute(TestSuiteExecutor.java:91)
	at com.kms.katalon.core.main.TestCaseMain.startTestSuite(TestCaseMain.java:157)
	at com.kms.katalon.core.main.TestCaseMain$startTestSuite$0.call(Unknown Source)
	at TempTestSuite1576827333385.run(TempTestSuite1576827333385.groovy:36)
Caused by: com.kms.katalon.core.webui.exception.WebElementNotFoundException: Web element with id: 'Object Repository/Page_Test create private channel - test-cas_2f9e36/div_h13uct_1' located by 'By.xpath: //div[@id='suggestionList']/div[2]' not found
	at com.kms.katalon.core.webui.common.WebUiCommonHelper.findWebElement(WebUiCommonHelper.java:1154)
	at com.kms.katalon.core.webui.keyword.internal.WebUIAbstractKeyword.findWebElement(WebUIAbstractKeyword.groovy:27)
	at com.kms.katalon.core.webui.keyword.internal.WebUIAbstractKeyword.findWebElement(WebUIAbstractKeyword.groovy:26)
	at com.kms.katalon.core.webui.keyword.builtin.ClickKeyword$_click_closure1.doCall(ClickKeyword.groovy:67)
	at com.kms.katalon.core.webui.keyword.builtin.ClickKeyword$_click_closure1.call(ClickKeyword.groovy)
	at com.kms.katalon.core.webui.keyword.internal.WebUIKeywordMain.runKeyword(WebUIKeywordMain.groovy:20)
	at com.kms.katalon.core.webui.keyword.builtin.ClickKeyword.click(ClickKeyword.groovy:102)
	at com.kms.katalon.core.webui.keyword.builtin.ClickKeyword.execute(ClickKeyword.groovy:43)
	at com.kms.katalon.core.keyword.internal.KeywordExecutor.executeKeywordForPlatform(KeywordExecutor.groovy:72)
	at com.kms.katalon.core.webui.keyword.WebUiBuiltInKeywords.click(WebUiBuiltInKeywords.groovy:616)
	at com.kms.katalon.core.webui.keyword.WebUiBuiltInKeywords$click$3.call(Unknown Source)
	at Script1576742697695.run(Script1576742697695.groovy:75)
	... 13 more
)

2019-12-20 14:43:28 - [MESSAGE][INFO] - Unable to find the element located by 'By.xpath: //div[@id='suggestionList']/div[2]'. Please recheck the objects properties to make sure the desired element is located. 

2019-12-20 14:43:29 - [MESSAGE][FAILED] - Unable to click on object 'Object Repository/Page_Test create private channel - test-cas_2f9e36/div_h13uct_1' (Root cause: com.kms.katalon.core.exception.StepFailedException: Unable to click on object 'Object Repository/Page_Test create private channel - test-cas_2f9e36/div_h13uct_1'
	at com.kms.katalon.core.webui.keyword.internal.WebUIKeywordMain.stepFailed(WebUIKeywordMain.groovy:64)
	at com.kms.katalon.core.webui.keyword.internal.WebUIKeywordMain.runKeyword(WebUIKeywordMain.groovy:26)
	at com.kms.katalon.core.webui.keyword.builtin.ClickKeyword.click(ClickKeyword.groovy:102)
	at com.kms.katalon.core.webui.keyword.builtin.ClickKeyword.execute(ClickKeyword.groovy:43)
	at com.kms.katalon.core.keyword.internal.KeywordExecutor.executeKeywordForPlatform(KeywordExecutor.groovy:72)
	at com.kms.katalon.core.webui.keyword.WebUiBuiltInKeywords.click(WebUiBuiltInKeywords.groovy:616)
	at com.kms.katalon.core.webui.keyword.WebUiBuiltInKeywords$click$3.call(Unknown Source)
	at Tag private member in private channel.run(Tag private member in private channel:75)
	at com.kms.katalon.core.main.ScriptEngine.run(ScriptEngine.java:194)
	at com.kms.katalon.core.main.ScriptEngine.runScriptAsRawText(ScriptEngine.java:119)
	at com.kms.katalon.core.main.TestCaseExecutor.runScript(TestCaseExecutor.java:337)
	at com.kms.katalon.core.main.TestCaseExecutor.doExecute(TestCaseExecutor.java:328)
	at com.kms.katalon.core.main.TestCaseExecutor.processExecutionPhase(TestCaseExecutor.java:307)
	at com.kms.katalon.core.main.TestCaseExecutor.accessMainPhase(TestCaseExecutor.java:299)
	at com.kms.katalon.core.main.TestCaseExecutor.execute(TestCaseExecutor.java:233)
	at com.kms.katalon.core.main.TestSuiteExecutor.accessTestCaseMainPhase(TestSuiteExecutor.java:169)
	at com.kms.katalon.core.main.TestSuiteExecutor.accessTestSuiteMainPhase(TestSuiteExecutor.java:142)
	at com.kms.katalon.core.main.TestSuiteExecutor.execute(TestSuiteExecutor.java:91)
	at com.kms.katalon.core.main.TestCaseMain.startTestSuite(TestCaseMain.java:157)
	at com.kms.katalon.core.main.TestCaseMain$startTestSuite$0.call(Unknown Source)
	at TempTestSuite1576827333385.run(TempTestSuite1576827333385.groovy:36)
Caused by: com.kms.katalon.core.webui.exception.WebElementNotFoundException: Web element with id: 'Object Repository/Page_Test create private channel - test-cas_2f9e36/div_h13uct_1' located by 'By.xpath: //div[@id='suggestionList']/div[2]' not found
	at com.kms.katalon.core.webui.common.WebUiCommonHelper.findWebElement(WebUiCommonHelper.java:1154)
	at com.kms.katalon.core.webui.keyword.internal.WebUIAbstractKeyword.findWebElement(WebUIAbstractKeyword.groovy:27)
	at com.kms.katalon.core.webui.keyword.internal.WebUIAbstractKeyword.findWebElement(WebUIAbstractKeyword.groovy:26)
	at com.kms.katalon.core.webui.keyword.builtin.ClickKeyword$_click_closure1.doCall(ClickKeyword.groovy:67)
	at com.kms.katalon.core.webui.keyword.builtin.ClickKeyword$_click_closure1.call(ClickKeyword.groovy)
	at com.kms.katalon.core.webui.keyword.internal.WebUIKeywordMain.runKeyword(WebUIKeywordMain.groovy:20)
	at com.kms.katalon.core.webui.keyword.builtin.ClickKeyword.click(ClickKeyword.groovy:102)
	at com.kms.katalon.core.webui.keyword.builtin.ClickKeyword.execute(ClickKeyword.groovy:43)
	at com.kms.katalon.core.keyword.internal.KeywordExecutor.executeKeywordForPlatform(KeywordExecutor.groovy:72)
	at com.kms.katalon.core.webui.keyword.WebUiBuiltInKeywords.click(WebUiBuiltInKeywords.groovy:616)
	at com.kms.katalon.core.webui.keyword.WebUiBuiltInKeywords$click$3.call(Unknown Source)
	at Script1576742697695.run(Script1576742697695.groovy:75)
	... 13 more
)
[[ATTACHMENT|/Users/apple/Desktop/Stduy/katalon-mattermost/dsds/Reports/20191220_143533/Run all test cases/20191220_143533/1576827808905.png]]]]></system-out>
         <system-err><![CDATA[2019-12-20 14:41:18 - [TEST_CASE][FAILED] - Test Cases/Tag private member in private channel: Test Cases/Tag private member in private channel FAILED.
Reason:
com.kms.katalon.core.exception.StepFailedException: Unable to click on object 'Object Repository/Page_Test create private channel - test-cas_2f9e36/div_h13uct_1'
	at com.kms.katalon.core.webui.keyword.internal.WebUIKeywordMain.stepFailed(WebUIKeywordMain.groovy:64)
	at com.kms.katalon.core.webui.keyword.internal.WebUIKeywordMain.runKeyword(WebUIKeywordMain.groovy:26)
	at com.kms.katalon.core.webui.keyword.builtin.ClickKeyword.click(ClickKeyword.groovy:102)
	at com.kms.katalon.core.webui.keyword.builtin.ClickKeyword.execute(ClickKeyword.groovy:43)
	at com.kms.katalon.core.keyword.internal.KeywordExecutor.executeKeywordForPlatform(KeywordExecutor.groovy:72)
	at com.kms.katalon.core.webui.keyword.WebUiBuiltInKeywords.click(WebUiBuiltInKeywords.groovy:616)
	at com.kms.katalon.core.webui.keyword.WebUiBuiltInKeywords$click$3.call(Unknown Source)
	at Tag private member in private channel.run(Tag private member in private channel:75)
	at com.kms.katalon.core.main.ScriptEngine.run(ScriptEngine.java:194)
	at com.kms.katalon.core.main.ScriptEngine.runScriptAsRawText(ScriptEngine.java:119)
	at com.kms.katalon.core.main.TestCaseExecutor.runScript(TestCaseExecutor.java:337)
	at com.kms.katalon.core.main.TestCaseExecutor.doExecute(TestCaseExecutor.java:328)
	at com.kms.katalon.core.main.TestCaseExecutor.processExecutionPhase(TestCaseExecutor.java:307)
	at com.kms.katalon.core.main.TestCaseExecutor.accessMainPhase(TestCaseExecutor.java:299)
	at com.kms.katalon.core.main.TestCaseExecutor.execute(TestCaseExecutor.java:233)
	at com.kms.katalon.core.main.TestSuiteExecutor.accessTestCaseMainPhase(TestSuiteExecutor.java:169)
	at com.kms.katalon.core.main.TestSuiteExecutor.accessTestSuiteMainPhase(TestSuiteExecutor.java:142)
	at com.kms.katalon.core.main.TestSuiteExecutor.execute(TestSuiteExecutor.java:91)
	at com.kms.katalon.core.main.TestCaseMain.startTestSuite(TestCaseMain.java:157)
	at com.kms.katalon.core.main.TestCaseMain$startTestSuite$0.call(Unknown Source)
	at TempTestSuite1576827333385.run(TempTestSuite1576827333385.groovy:36)
Caused by: com.kms.katalon.core.webui.exception.WebElementNotFoundException: Web element with id: 'Object Repository/Page_Test create private channel - test-cas_2f9e36/div_h13uct_1' located by 'By.xpath: //div[@id='suggestionList']/div[2]' not found
	at com.kms.katalon.core.webui.common.WebUiCommonHelper.findWebElement(WebUiCommonHelper.java:1154)
	at com.kms.katalon.core.webui.keyword.internal.WebUIAbstractKeyword.findWebElement(WebUIAbstractKeyword.groovy:27)
	at com.kms.katalon.core.webui.keyword.internal.WebUIAbstractKeyword.findWebElement(WebUIAbstractKeyword.groovy:26)
	at com.kms.katalon.core.webui.keyword.builtin.ClickKeyword$_click_closure1.doCall(ClickKeyword.groovy:67)
	at com.kms.katalon.core.webui.keyword.builtin.ClickKeyword$_click_closure1.call(ClickKeyword.groovy)
	at com.kms.katalon.core.webui.keyword.internal.WebUIKeywordMain.runKeyword(WebUIKeywordMain.groovy:20)
	... 19 more]]></system-err>
      </testcase>
      <testcase name="Test Cases/Tag public member in private channel" time="29.988" classname="Test Cases/Tag public member in private channel" status="PASSED">
         <system-out><![CDATA[2019-12-20 14:43:29 - [TEST_CASE][PASSED] - Test Cases/Tag public member in private channel: Test Cases/Tag public member in private channel

2019-12-20 14:43:29 - [TEST_STEP][PASSED] - openBrowser(""): Browser is opened with url: ''

2019-12-20 14:43:29 - [MESSAGE][WARNING] - A browser is already opened. Closing browser and opening a new one

2019-12-20 14:43:29 - [MESSAGE][INFO] - Starting 'Firefox' driver

2019-12-20 14:43:33 - [MESSAGE][PASSED] - Browser is opened with url: ''

2019-12-20 14:43:33 - [TEST_STEP][PASSED] - navigateToUrl("https://mattermost-usecase.herokuapp.com"): Navigate to 'https://mattermost-usecase.herokuapp.com' successfully

2019-12-20 14:43:42 - [MESSAGE][PASSED] - Navigate to 'https://mattermost-usecase.herokuapp.com' successfully

2019-12-20 14:43:42 - [TEST_STEP][PASSED] - setText(findTestObject("Object Repository/Private channel/Tag public member into private channel/Page_Mattermost/input_All team communication in one place s_703ef5"), "bannnnn"): Text 'bannnnn' is set on object 'Object Repository/Private channel/Tag public member into private channel/Page_Mattermost/input_All team communication in one place s_703ef5'

2019-12-20 14:43:49 - [MESSAGE][PASSED] - Text 'bannnnn' is set on object 'Object Repository/Private channel/Tag public member into private channel/Page_Mattermost/input_All team communication in one place s_703ef5'

2019-12-20 14:43:49 - [TEST_STEP][PASSED] - setEncryptedText(findTestObject("Object Repository/Private channel/Tag public member into private channel/Page_Mattermost/input_All team communication in one place s_2f2733"), "6M8jdlTs8n6rOnocPaG5Cw=="): Text ****** has been set on object 'Object Repository/Private channel/Tag public member into private channel/Page_Mattermost/input_All team communication in one place s_2f2733'

2019-12-20 14:43:50 - [MESSAGE][PASSED] - Text ****** has been set on object 'Object Repository/Private channel/Tag public member into private channel/Page_Mattermost/input_All team communication in one place s_2f2733'

2019-12-20 14:43:50 - [TEST_STEP][PASSED] - click(findTestObject("Object Repository/Private channel/Tag public member into private channel/Page_Mattermost/span_Sign in")): Object: 'Object Repository/Private channel/Tag public member into private channel/Page_Mattermost/span_Sign in' is clicked on

2019-12-20 14:43:50 - [MESSAGE][PASSED] - Object: 'Object Repository/Private channel/Tag public member into private channel/Page_Mattermost/span_Sign in' is clicked on

2019-12-20 14:43:50 - [TEST_STEP][PASSED] - click(findTestObject("Object Repository/Private channel/Tag public member into private channel/Page_Town Square - test-case Mattermost/span_Test create private channel")): Object: 'Object Repository/Private channel/Tag public member into private channel/Page_Town Square - test-case Mattermost/span_Test create private channel' is clicked on

2019-12-20 14:43:55 - [MESSAGE][PASSED] - Object: 'Object Repository/Private channel/Tag public member into private channel/Page_Town Square - test-case Mattermost/span_Test create private channel' is clicked on

2019-12-20 14:43:55 - [TEST_STEP][PASSED] - setText(findTestObject("Object Repository/Private channel/Tag public member into private channel/Page_Test create private channel - test-cas_2f9e36/textarea_Write to Test create private chann_a08f9f"), "@"): Text '@' is set on object 'Object Repository/Private channel/Tag public member into private channel/Page_Test create private channel - test-cas_2f9e36/textarea_Write to Test create private chann_a08f9f'

2019-12-20 14:43:56 - [MESSAGE][PASSED] - Text '@' is set on object 'Object Repository/Private channel/Tag public member into private channel/Page_Test create private channel - test-cas_2f9e36/textarea_Write to Test create private chann_a08f9f'

2019-12-20 14:43:56 - [TEST_STEP][PASSED] - click(findTestObject("Object Repository/Private channel/Tag public member into private channel/Page_Test create private channel - test-cas_2f9e36/div_h13uct")): Object: 'Object Repository/Private channel/Tag public member into private channel/Page_Test create private channel - test-cas_2f9e36/div_h13uct' is clicked on

2019-12-20 14:43:57 - [MESSAGE][PASSED] - Object: 'Object Repository/Private channel/Tag public member into private channel/Page_Test create private channel - test-cas_2f9e36/div_h13uct' is clicked on

2019-12-20 14:43:57 - [TEST_STEP][PASSED] - closeBrowser(): Browser is closed

2019-12-20 14:43:59 - [MESSAGE][PASSED] - Browser is closed]]></system-out>
         <system-err><![CDATA[]]></system-err>
      </testcase>
      <testcase name="Test Cases/Get team invite link" time="29.913" classname="Test Cases/Get team invite link" status="PASSED">
         <system-out><![CDATA[2019-12-20 14:43:59 - [TEST_CASE][PASSED] - Test Cases/Get team invite link: Test Cases/Get team invite link

2019-12-20 14:43:59 - [TEST_STEP][PASSED] - openBrowser(""): Browser is opened with url: ''

2019-12-20 14:43:59 - [MESSAGE][INFO] - Starting 'Firefox' driver

2019-12-20 14:44:03 - [MESSAGE][PASSED] - Browser is opened with url: ''

2019-12-20 14:44:03 - [TEST_STEP][PASSED] - navigateToUrl("https://mattermost-usecase.herokuapp.com/"): Navigate to 'https://mattermost-usecase.herokuapp.com/' successfully

2019-12-20 14:44:13 - [MESSAGE][PASSED] - Navigate to 'https://mattermost-usecase.herokuapp.com/' successfully

2019-12-20 14:44:13 - [TEST_STEP][PASSED] - setText(findTestObject("Object Repository/GetTeamInviteLink/Page_Mattermost/input_All team communication in one place s_703ef5"), "dhgbao@apcs.vn"): Text 'dhgbao@apcs.vn' is set on object 'Object Repository/GetTeamInviteLink/Page_Mattermost/input_All team communication in one place s_703ef5'

2019-12-20 14:44:20 - [MESSAGE][PASSED] - Text 'dhgbao@apcs.vn' is set on object 'Object Repository/GetTeamInviteLink/Page_Mattermost/input_All team communication in one place s_703ef5'

2019-12-20 14:44:20 - [TEST_STEP][PASSED] - setText(findTestObject("Object Repository/GetTeamInviteLink/Page_Mattermost/input_All team communication in one place s_2f2733"), "123456789"): Text '123456789' is set on object 'Object Repository/GetTeamInviteLink/Page_Mattermost/input_All team communication in one place s_2f2733'

2019-12-20 14:44:20 - [MESSAGE][PASSED] - Text '123456789' is set on object 'Object Repository/GetTeamInviteLink/Page_Mattermost/input_All team communication in one place s_2f2733'

2019-12-20 14:44:20 - [TEST_STEP][PASSED] - sendKeys(findTestObject("Object Repository/GetTeamInviteLink/Page_Mattermost/input_All team communication in one place s_2f2733"), Keys.chord(ENTER)): Keys 'ENTER + ' sent to object: 'Object Repository/GetTeamInviteLink/Page_Mattermost/input_All team communication in one place s_2f2733'

2019-12-20 14:44:21 - [MESSAGE][PASSED] - Keys 'ENTER + ' sent to object: 'Object Repository/GetTeamInviteLink/Page_Mattermost/input_All team communication in one place s_2f2733'

2019-12-20 14:44:21 - [TEST_STEP][PASSED] - click(findTestObject("Object Repository/GetTeamInviteLink/Page_Town Square - asdasdas Mattermost/svg")): Object: 'Object Repository/GetTeamInviteLink/Page_Town Square - asdasdas Mattermost/svg' is clicked on

2019-12-20 14:44:25 - [MESSAGE][PASSED] - Object: 'Object Repository/GetTeamInviteLink/Page_Town Square - asdasdas Mattermost/svg' is clicked on

2019-12-20 14:44:25 - [TEST_STEP][PASSED] - click(findTestObject("Object Repository/GetTeamInviteLink/Page_Town Square - asdasdas Mattermost/button_Get Team Invite Link")): Object: 'Object Repository/GetTeamInviteLink/Page_Town Square - asdasdas Mattermost/button_Get Team Invite Link' is clicked on

2019-12-20 14:44:26 - [MESSAGE][PASSED] - Object: 'Object Repository/GetTeamInviteLink/Page_Town Square - asdasdas Mattermost/button_Get Team Invite Link' is clicked on

2019-12-20 14:44:26 - [TEST_STEP][PASSED] - click(findTestObject("Object Repository/GetTeamInviteLink/Page_Town Square - asdasdas Mattermost/span_Copy Link")): Object: 'Object Repository/GetTeamInviteLink/Page_Town Square - asdasdas Mattermost/span_Copy Link' is clicked on

2019-12-20 14:44:26 - [MESSAGE][PASSED] - Object: 'Object Repository/GetTeamInviteLink/Page_Town Square - asdasdas Mattermost/span_Copy Link' is clicked on

2019-12-20 14:44:26 - [TEST_STEP][PASSED] - click(findTestObject("Object Repository/GetTeamInviteLink/Page_Town Square - asdasdas Mattermost/span_Close")): Object: 'Object Repository/GetTeamInviteLink/Page_Town Square - asdasdas Mattermost/span_Close' is clicked on

2019-12-20 14:44:27 - [MESSAGE][PASSED] - Object: 'Object Repository/GetTeamInviteLink/Page_Town Square - asdasdas Mattermost/span_Close' is clicked on

2019-12-20 14:44:27 - [TEST_STEP][PASSED] - closeBrowser(): Browser is closed

2019-12-20 14:44:29 - [MESSAGE][PASSED] - Browser is closed]]></system-out>
         <system-err><![CDATA[]]></system-err>
      </testcase>
      <testcase name="Test Cases/Rename private channel" time="29.107" classname="Test Cases/Rename private channel" status="PASSED">
         <system-out><![CDATA[2019-12-20 14:44:29 - [TEST_CASE][PASSED] - Test Cases/Rename private channel: Test Cases/Rename private channel

2019-12-20 14:44:29 - [TEST_STEP][PASSED] - openBrowser(""): Browser is opened with url: ''

2019-12-20 14:44:29 - [MESSAGE][INFO] - Starting 'Firefox' driver

2019-12-20 14:44:32 - [MESSAGE][PASSED] - Browser is opened with url: ''

2019-12-20 14:44:32 - [TEST_STEP][PASSED] - navigateToUrl("https://mattermost-usecase.herokuapp.com"): Navigate to 'https://mattermost-usecase.herokuapp.com' successfully

2019-12-20 14:44:41 - [MESSAGE][PASSED] - Navigate to 'https://mattermost-usecase.herokuapp.com' successfully

2019-12-20 14:44:41 - [TEST_STEP][PASSED] - setText(findTestObject("Object Repository/Private channel/Rename private channel/Page_Mattermost/input_All team communication in one place s_703ef5"), "bannnnn"): Text 'bannnnn' is set on object 'Object Repository/Private channel/Rename private channel/Page_Mattermost/input_All team communication in one place s_703ef5'

2019-12-20 14:44:48 - [MESSAGE][PASSED] - Text 'bannnnn' is set on object 'Object Repository/Private channel/Rename private channel/Page_Mattermost/input_All team communication in one place s_703ef5'

2019-12-20 14:44:48 - [TEST_STEP][PASSED] - setEncryptedText(findTestObject("Object Repository/Private channel/Rename private channel/Page_Mattermost/input_All team communication in one place s_2f2733"), "6M8jdlTs8n6rOnocPaG5Cw=="): Text ****** has been set on object 'Object Repository/Private channel/Rename private channel/Page_Mattermost/input_All team communication in one place s_2f2733'

2019-12-20 14:44:49 - [MESSAGE][PASSED] - Text ****** has been set on object 'Object Repository/Private channel/Rename private channel/Page_Mattermost/input_All team communication in one place s_2f2733'

2019-12-20 14:44:49 - [TEST_STEP][PASSED] - click(findTestObject("Object Repository/Private channel/Rename private channel/Page_Mattermost/span_Sign in")): Object: 'Object Repository/Private channel/Rename private channel/Page_Mattermost/span_Sign in' is clicked on

2019-12-20 14:44:49 - [MESSAGE][PASSED] - Object: 'Object Repository/Private channel/Rename private channel/Page_Mattermost/span_Sign in' is clicked on

2019-12-20 14:44:49 - [TEST_STEP][PASSED] - click(findTestObject("Object Repository/Private channel/Rename private channel/Page_Town Square - test-case Mattermost/span_Test create private channel")): Object: 'Object Repository/Private channel/Rename private channel/Page_Town Square - test-case Mattermost/span_Test create private channel' is clicked on

2019-12-20 14:44:54 - [MESSAGE][PASSED] - Object: 'Object Repository/Private channel/Rename private channel/Page_Town Square - test-case Mattermost/span_Test create private channel' is clicked on

2019-12-20 14:44:54 - [TEST_STEP][PASSED] - click(findTestObject("Object Repository/Private channel/Rename private channel/Page_Test create private channel - test-cas_2f9e36/span_Test create private channel_channelHea_71aa01")): Object: 'Object Repository/Private channel/Rename private channel/Page_Test create private channel - test-cas_2f9e36/span_Test create private channel_channelHea_71aa01' is clicked on

2019-12-20 14:44:55 - [MESSAGE][PASSED] - Object: 'Object Repository/Private channel/Rename private channel/Page_Test create private channel - test-cas_2f9e36/span_Test create private channel_channelHea_71aa01' is clicked on

2019-12-20 14:44:55 - [TEST_STEP][PASSED] - click(findTestObject("Object Repository/Private channel/Rename private channel/Page_Test create private channel - test-cas_2f9e36/button_Rename Channel")): Object: 'Object Repository/Private channel/Rename private channel/Page_Test create private channel - test-cas_2f9e36/button_Rename Channel' is clicked on

2019-12-20 14:44:56 - [MESSAGE][PASSED] - Object: 'Object Repository/Private channel/Rename private channel/Page_Test create private channel - test-cas_2f9e36/button_Rename Channel' is clicked on

2019-12-20 14:44:56 - [TEST_STEP][PASSED] - setText(findTestObject("Object Repository/Private channel/Rename private channel/Page_Test create private channel - test-cas_2f9e36/input_Display Name_display_name"), "Test private channel"): Text 'Test private channel' is set on object 'Object Repository/Private channel/Rename private channel/Page_Test create private channel - test-cas_2f9e36/input_Display Name_display_name'

2019-12-20 14:44:56 - [MESSAGE][PASSED] - Text 'Test private channel' is set on object 'Object Repository/Private channel/Rename private channel/Page_Test create private channel - test-cas_2f9e36/input_Display Name_display_name'

2019-12-20 14:44:56 - [TEST_STEP][PASSED] - click(findTestObject("Object Repository/Private channel/Rename private channel/Page_Test create private channel - test-cas_2f9e36/button_Save")): Object: 'Object Repository/Private channel/Rename private channel/Page_Test create private channel - test-cas_2f9e36/button_Save' is clicked on

2019-12-20 14:44:57 - [MESSAGE][PASSED] - Object: 'Object Repository/Private channel/Rename private channel/Page_Test create private channel - test-cas_2f9e36/button_Save' is clicked on

2019-12-20 14:44:57 - [TEST_STEP][PASSED] - closeBrowser(): Browser is closed

2019-12-20 14:44:58 - [MESSAGE][PASSED] - Browser is closed]]></system-out>
         <system-err><![CDATA[]]></system-err>
      </testcase>
      <testcase name="Test Cases/View members" time="29.753" classname="Test Cases/View members" status="PASSED">
         <system-out><![CDATA[2019-12-20 14:44:58 - [TEST_CASE][PASSED] - Test Cases/View members: Test Cases/View members

2019-12-20 14:44:58 - [TEST_STEP][PASSED] - openBrowser(""): Browser is opened with url: ''

2019-12-20 14:44:58 - [MESSAGE][INFO] - Starting 'Firefox' driver

2019-12-20 14:45:01 - [MESSAGE][PASSED] - Browser is opened with url: ''

2019-12-20 14:45:01 - [TEST_STEP][PASSED] - navigateToUrl("https://mattermost-usecase.herokuapp.com/"): Navigate to 'https://mattermost-usecase.herokuapp.com/' successfully

2019-12-20 14:45:11 - [MESSAGE][PASSED] - Navigate to 'https://mattermost-usecase.herokuapp.com/' successfully

2019-12-20 14:45:11 - [TEST_STEP][PASSED] - setText(findTestObject("Page_Mattermost/input_All team communication in one place s_703ef5"), "dhgbao@apcs.vn"): Text 'dhgbao@apcs.vn' is set on object 'Object Repository/Page_Mattermost/input_All team communication in one place s_703ef5'

2019-12-20 14:45:17 - [MESSAGE][PASSED] - Text 'dhgbao@apcs.vn' is set on object 'Object Repository/Page_Mattermost/input_All team communication in one place s_703ef5'

2019-12-20 14:45:17 - [TEST_STEP][PASSED] - setEncryptedText(findTestObject("Page_Mattermost/input_All team communication in one place s_2f2733"), "RigbBhfdqODKcAsiUrg+1Q=="): Text ****** has been set on object 'Object Repository/Page_Mattermost/input_All team communication in one place s_2f2733'

2019-12-20 14:45:17 - [MESSAGE][PASSED] - Text ****** has been set on object 'Object Repository/Page_Mattermost/input_All team communication in one place s_2f2733'

2019-12-20 14:45:17 - [TEST_STEP][PASSED] - sendKeys(findTestObject("Page_Mattermost/input_All team communication in one place s_2f2733"), Keys.chord(ENTER)): Keys 'ENTER + ' sent to object: 'Object Repository/Page_Mattermost/input_All team communication in one place s_2f2733'

2019-12-20 14:45:18 - [MESSAGE][PASSED] - Keys 'ENTER + ' sent to object: 'Object Repository/Page_Mattermost/input_All team communication in one place s_2f2733'

2019-12-20 14:45:18 - [TEST_STEP][PASSED] - click(findTestObject("Object Repository/ViewMembers/Page_Mattermost - ohj Mattermost/span_Mattermost_channelHeaderDropdownIcon")): Object: 'Object Repository/ViewMembers/Page_Mattermost - ohj Mattermost/span_Mattermost_channelHeaderDropdownIcon' is clicked on

2019-12-20 14:45:22 - [MESSAGE][PASSED] - Object: 'Object Repository/ViewMembers/Page_Mattermost - ohj Mattermost/span_Mattermost_channelHeaderDropdownIcon' is clicked on

2019-12-20 14:45:22 - [TEST_STEP][PASSED] - click(findTestObject("Object Repository/ViewMembers/Page_Mattermost - ohj Mattermost/button_View Members")): Object: 'Object Repository/ViewMembers/Page_Mattermost - ohj Mattermost/button_View Members' is clicked on

2019-12-20 14:45:23 - [MESSAGE][PASSED] - Object: 'Object Repository/ViewMembers/Page_Mattermost - ohj Mattermost/button_View Members' is clicked on

2019-12-20 14:45:23 - [TEST_STEP][PASSED] - closeBrowser(): Browser is closed

2019-12-20 14:45:27 - [MESSAGE][PASSED] - Browser is closed]]></system-out>
         <system-err><![CDATA[]]></system-err>
      </testcase>
      <testcase name="Test Cases/View Private channel info" time="28.763" classname="Test Cases/View Private channel info" status="PASSED">
         <system-out><![CDATA[2019-12-20 14:45:27 - [TEST_CASE][PASSED] - Test Cases/View Private channel info: Test Cases/View Private channel info

2019-12-20 14:45:28 - [TEST_STEP][PASSED] - openBrowser(""): Browser is opened with url: ''

2019-12-20 14:45:28 - [MESSAGE][INFO] - Starting 'Firefox' driver

2019-12-20 14:45:31 - [MESSAGE][PASSED] - Browser is opened with url: ''

2019-12-20 14:45:31 - [TEST_STEP][PASSED] - navigateToUrl("https://mattermost-usecase.herokuapp.com/"): Navigate to 'https://mattermost-usecase.herokuapp.com/' successfully

2019-12-20 14:45:40 - [MESSAGE][PASSED] - Navigate to 'https://mattermost-usecase.herokuapp.com/' successfully

2019-12-20 14:45:40 - [TEST_STEP][PASSED] - setText(findTestObject("Object Repository/Private channel/View private channel info/Page_Mattermost/input_All team communication in one place s_703ef5"), "bannnnn"): Text 'bannnnn' is set on object 'Object Repository/Private channel/View private channel info/Page_Mattermost/input_All team communication in one place s_703ef5'

2019-12-20 14:45:45 - [MESSAGE][PASSED] - Text 'bannnnn' is set on object 'Object Repository/Private channel/View private channel info/Page_Mattermost/input_All team communication in one place s_703ef5'

2019-12-20 14:45:45 - [TEST_STEP][PASSED] - setEncryptedText(findTestObject("Object Repository/Private channel/View private channel info/Page_Mattermost/input_All team communication in one place s_2f2733"), "6M8jdlTs8n6rOnocPaG5Cw=="): Text ****** has been set on object 'Object Repository/Private channel/View private channel info/Page_Mattermost/input_All team communication in one place s_2f2733'

2019-12-20 14:45:45 - [MESSAGE][PASSED] - Text ****** has been set on object 'Object Repository/Private channel/View private channel info/Page_Mattermost/input_All team communication in one place s_2f2733'

2019-12-20 14:45:45 - [TEST_STEP][PASSED] - click(findTestObject("Object Repository/Private channel/View private channel info/Page_Mattermost/button_Sign in")): Object: 'Object Repository/Private channel/View private channel info/Page_Mattermost/button_Sign in' is clicked on

2019-12-20 14:45:46 - [MESSAGE][PASSED] - Object: 'Object Repository/Private channel/View private channel info/Page_Mattermost/button_Sign in' is clicked on

2019-12-20 14:45:46 - [TEST_STEP][PASSED] - click(findTestObject("Object Repository/Private channel/View private channel info/Page_(3) Town Square - Rednit Mattermost/span_Test create private channel")): Object: 'Object Repository/Private channel/View private channel info/Page_(3) Town Square - Rednit Mattermost/span_Test create private channel' is clicked on

2019-12-20 14:45:51 - [MESSAGE][PASSED] - Object: 'Object Repository/Private channel/View private channel info/Page_(3) Town Square - Rednit Mattermost/span_Test create private channel' is clicked on

2019-12-20 14:45:51 - [TEST_STEP][PASSED] - click(findTestObject("Object Repository/Private channel/View private channel info/Page_(3) Test create private channel - Redn_9fffd9/span_Test create private channel_channelHea_71aa01")): Object: 'Object Repository/Private channel/View private channel info/Page_(3) Test create private channel - Redn_9fffd9/span_Test create private channel_channelHea_71aa01' is clicked on

2019-12-20 14:45:52 - [MESSAGE][PASSED] - Object: 'Object Repository/Private channel/View private channel info/Page_(3) Test create private channel - Redn_9fffd9/span_Test create private channel_channelHea_71aa01' is clicked on

2019-12-20 14:45:52 - [TEST_STEP][PASSED] - click(findTestObject("Object Repository/Private channel/View private channel info/Page_(3) Test create private channel - Redn_9fffd9/button_View Info")): Object: 'Object Repository/Private channel/View private channel info/Page_(3) Test create private channel - Redn_9fffd9/button_View Info' is clicked on

2019-12-20 14:45:53 - [MESSAGE][PASSED] - Object: 'Object Repository/Private channel/View private channel info/Page_(3) Test create private channel - Redn_9fffd9/button_View Info' is clicked on

2019-12-20 14:45:53 - [TEST_STEP][PASSED] - click(findTestObject("Object Repository/Private channel/View private channel info/Page_(3) Test create private channel - Redn_9fffd9/span_")): Object: 'Object Repository/Private channel/View private channel info/Page_(3) Test create private channel - Redn_9fffd9/span_' is clicked on

2019-12-20 14:45:53 - [MESSAGE][PASSED] - Object: 'Object Repository/Private channel/View private channel info/Page_(3) Test create private channel - Redn_9fffd9/span_' is clicked on

2019-12-20 14:45:53 - [TEST_STEP][PASSED] - closeBrowser(): Browser is closed

2019-12-20 14:45:56 - [MESSAGE][PASSED] - Browser is closed]]></system-out>
         <system-err><![CDATA[]]></system-err>
      </testcase>
      <testcase name="Test Cases/View info public channel" time="29.656" classname="Test Cases/View info public channel" status="PASSED">
         <system-out><![CDATA[2019-12-20 14:45:56 - [TEST_CASE][PASSED] - Test Cases/View info public channel: Test Cases/View info public channel

2019-12-20 14:45:56 - [TEST_STEP][PASSED] - openBrowser(""): Browser is opened with url: ''

2019-12-20 14:45:56 - [MESSAGE][INFO] - Starting 'Firefox' driver

2019-12-20 14:46:00 - [MESSAGE][PASSED] - Browser is opened with url: ''

2019-12-20 14:46:00 - [TEST_STEP][PASSED] - navigateToUrl("https://mattermost-usecase.herokuapp.com/"): Navigate to 'https://mattermost-usecase.herokuapp.com/' successfully

2019-12-20 14:46:09 - [MESSAGE][PASSED] - Navigate to 'https://mattermost-usecase.herokuapp.com/' successfully

2019-12-20 14:46:09 - [TEST_STEP][PASSED] - setText(findTestObject("Page_Mattermost/input_All team communication in one place s_703ef5"), "dhgbao@apcs.vn"): Text 'dhgbao@apcs.vn' is set on object 'Object Repository/Page_Mattermost/input_All team communication in one place s_703ef5'

2019-12-20 14:46:16 - [MESSAGE][PASSED] - Text 'dhgbao@apcs.vn' is set on object 'Object Repository/Page_Mattermost/input_All team communication in one place s_703ef5'

2019-12-20 14:46:16 - [TEST_STEP][PASSED] - setEncryptedText(findTestObject("Page_Mattermost/input_All team communication in one place s_2f2733"), "RigbBhfdqODKcAsiUrg+1Q=="): Text ****** has been set on object 'Object Repository/Page_Mattermost/input_All team communication in one place s_2f2733'

2019-12-20 14:46:17 - [MESSAGE][PASSED] - Text ****** has been set on object 'Object Repository/Page_Mattermost/input_All team communication in one place s_2f2733'

2019-12-20 14:46:17 - [TEST_STEP][PASSED] - click(findTestObject("Object Repository/ViewInfoPublicChannel/Page_Mattermost/span_Sign in")): Object: 'Object Repository/ViewInfoPublicChannel/Page_Mattermost/span_Sign in' is clicked on

2019-12-20 14:46:17 - [MESSAGE][PASSED] - Object: 'Object Repository/ViewInfoPublicChannel/Page_Mattermost/span_Sign in' is clicked on

2019-12-20 14:46:17 - [TEST_STEP][PASSED] - click(findTestObject("Object Repository/ViewInfoPublicChannel/Page_Mattermost - ohj Mattermost/span_Mattermost_channelHeaderDropdownIcon")): Object: 'Object Repository/ViewInfoPublicChannel/Page_Mattermost - ohj Mattermost/span_Mattermost_channelHeaderDropdownIcon' is clicked on

2019-12-20 14:46:21 - [MESSAGE][PASSED] - Object: 'Object Repository/ViewInfoPublicChannel/Page_Mattermost - ohj Mattermost/span_Mattermost_channelHeaderDropdownIcon' is clicked on

2019-12-20 14:46:21 - [TEST_STEP][PASSED] - click(findTestObject("Object Repository/ViewInfoPublicChannel/Page_Mattermost - ohj Mattermost/button_View Info")): Object: 'Object Repository/ViewInfoPublicChannel/Page_Mattermost - ohj Mattermost/button_View Info' is clicked on

2019-12-20 14:46:22 - [MESSAGE][PASSED] - Object: 'Object Repository/ViewInfoPublicChannel/Page_Mattermost - ohj Mattermost/button_View Info' is clicked on

2019-12-20 14:46:22 - [TEST_STEP][PASSED] - closeBrowser(): Browser is closed

2019-12-20 14:46:26 - [MESSAGE][PASSED] - Browser is closed]]></system-out>
         <system-err><![CDATA[]]></system-err>
      </testcase>
      <testcase name="Test Cases/Changing Language" time="0.002" classname="Test Cases/Changing Language" status="ERROR">
         <error type="ERROR" message="Test Cases/Changing Language has ERROR(s).
Reason:
java.io.FileNotFoundException: File '' does not exist"/>
         <system-out><![CDATA[2019-12-20 14:46:26 - [TEST_CASE][ERROR] - Test Cases/Changing Language: Test Cases/Changing Language has ERROR(s).
Reason:
java.io.FileNotFoundException: File '' does not exist]]></system-out>
         <system-err><![CDATA[2019-12-20 14:46:26 - [TEST_CASE][ERROR] - Test Cases/Changing Language: Test Cases/Changing Language has ERROR(s).
Reason:
java.io.FileNotFoundException: File '' does not exist]]></system-err>
      </testcase>
      <system-out><![CDATA[2019-12-20 14:35:36 - [TEST_SUITE][FAILED] - Run all test cases: Test Cases/Tag private member in private channel FAILED.
Reason:
com.kms.katalon.core.exception.StepFailedException: Unable to click on object 'Object Repository/Page_Test create private channel - test-cas_2f9e36/div_h13uct_1'
	at com.kms.katalon.core.webui.keyword.internal.WebUIKeywordMain.stepFailed(WebUIKeywordMain.groovy:64)
	at com.kms.katalon.core.webui.keyword.internal.WebUIKeywordMain.runKeyword(WebUIKeywordMain.groovy:26)
	at com.kms.katalon.core.webui.keyword.builtin.ClickKeyword.click(ClickKeyword.groovy:102)
	at com.kms.katalon.core.webui.keyword.builtin.ClickKeyword.execute(ClickKeyword.groovy:43)
	at com.kms.katalon.core.keyword.internal.KeywordExecutor.executeKeywordForPlatform(KeywordExecutor.groovy:72)
	at com.kms.katalon.core.webui.keyword.WebUiBuiltInKeywords.click(WebUiBuiltInKeywords.groovy:616)
	at com.kms.katalon.core.webui.keyword.WebUiBuiltInKeywords$click$3.call(Unknown Source)
	at Tag private member in private channel.run(Tag private member in private channel:75)
	at com.kms.katalon.core.main.ScriptEngine.run(ScriptEngine.java:194)
	at com.kms.katalon.core.main.ScriptEngine.runScriptAsRawText(ScriptEngine.java:119)
	at com.kms.katalon.core.main.TestCaseExecutor.runScript(TestCaseExecutor.java:337)
	at com.kms.katalon.core.main.TestCaseExecutor.doExecute(TestCaseExecutor.java:328)
	at com.kms.katalon.core.main.TestCaseExecutor.processExecutionPhase(TestCaseExecutor.java:307)
	at com.kms.katalon.core.main.TestCaseExecutor.accessMainPhase(TestCaseExecutor.java:299)
	at com.kms.katalon.core.main.TestCaseExecutor.execute(TestCaseExecutor.java:233)
	at com.kms.katalon.core.main.TestSuiteExecutor.accessTestCaseMainPhase(TestSuiteExecutor.java:169)
	at com.kms.katalon.core.main.TestSuiteExecutor.accessTestSuiteMainPhase(TestSuiteExecutor.java:142)
	at com.kms.katalon.core.main.TestSuiteExecutor.execute(TestSuiteExecutor.java:91)
	at com.kms.katalon.core.main.TestCaseMain.startTestSuite(TestCaseMain.java:157)
	at com.kms.katalon.core.main.TestCaseMain$startTestSuite$0.call(Unknown Source)
	at TempTestSuite1576827333385.run(TempTestSuite1576827333385.groovy:36)
Caused by: com.kms.katalon.core.webui.exception.WebElementNotFoundException: Web element with id: 'Object Repository/Page_Test create private channel - test-cas_2f9e36/div_h13uct_1' located by 'By.xpath: //div[@id='suggestionList']/div[2]' not found
	at com.kms.katalon.core.webui.common.WebUiCommonHelper.findWebElement(WebUiCommonHelper.java:1154)
	at com.kms.katalon.core.webui.keyword.internal.WebUIAbstractKeyword.findWebElement(WebUIAbstractKeyword.groovy:27)
	at com.kms.katalon.core.webui.keyword.internal.WebUIAbstractKeyword.findWebElement(WebUIAbstractKeyword.groovy:26)
	at com.kms.katalon.core.webui.keyword.builtin.ClickKeyword$_click_closure1.doCall(ClickKeyword.groovy:67)
	at com.kms.katalon.core.webui.keyword.builtin.ClickKeyword$_click_closure1.call(ClickKeyword.groovy)
	at com.kms.katalon.core.webui.keyword.internal.WebUIKeywordMain.runKeyword(WebUIKeywordMain.groovy:20)
	... 19 more]]></system-out>
      <system-err><![CDATA[2019-12-20 14:35:36 - [TEST_SUITE][FAILED] - Run all test cases: Test Cases/Tag private member in private channel FAILED.
Reason:
com.kms.katalon.core.exception.StepFailedException: Unable to click on object 'Object Repository/Page_Test create private channel - test-cas_2f9e36/div_h13uct_1'
	at com.kms.katalon.core.webui.keyword.internal.WebUIKeywordMain.stepFailed(WebUIKeywordMain.groovy:64)
	at com.kms.katalon.core.webui.keyword.internal.WebUIKeywordMain.runKeyword(WebUIKeywordMain.groovy:26)
	at com.kms.katalon.core.webui.keyword.builtin.ClickKeyword.click(ClickKeyword.groovy:102)
	at com.kms.katalon.core.webui.keyword.builtin.ClickKeyword.execute(ClickKeyword.groovy:43)
	at com.kms.katalon.core.keyword.internal.KeywordExecutor.executeKeywordForPlatform(KeywordExecutor.groovy:72)
	at com.kms.katalon.core.webui.keyword.WebUiBuiltInKeywords.click(WebUiBuiltInKeywords.groovy:616)
	at com.kms.katalon.core.webui.keyword.WebUiBuiltInKeywords$click$3.call(Unknown Source)
	at Tag private member in private channel.run(Tag private member in private channel:75)
	at com.kms.katalon.core.main.ScriptEngine.run(ScriptEngine.java:194)
	at com.kms.katalon.core.main.ScriptEngine.runScriptAsRawText(ScriptEngine.java:119)
	at com.kms.katalon.core.main.TestCaseExecutor.runScript(TestCaseExecutor.java:337)
	at com.kms.katalon.core.main.TestCaseExecutor.doExecute(TestCaseExecutor.java:328)
	at com.kms.katalon.core.main.TestCaseExecutor.processExecutionPhase(TestCaseExecutor.java:307)
	at com.kms.katalon.core.main.TestCaseExecutor.accessMainPhase(TestCaseExecutor.java:299)
	at com.kms.katalon.core.main.TestCaseExecutor.execute(TestCaseExecutor.java:233)
	at com.kms.katalon.core.main.TestSuiteExecutor.accessTestCaseMainPhase(TestSuiteExecutor.java:169)
	at com.kms.katalon.core.main.TestSuiteExecutor.accessTestSuiteMainPhase(TestSuiteExecutor.java:142)
	at com.kms.katalon.core.main.TestSuiteExecutor.execute(TestSuiteExecutor.java:91)
	at com.kms.katalon.core.main.TestCaseMain.startTestSuite(TestCaseMain.java:157)
	at com.kms.katalon.core.main.TestCaseMain$startTestSuite$0.call(Unknown Source)
	at TempTestSuite1576827333385.run(TempTestSuite1576827333385.groovy:36)
Caused by: com.kms.katalon.core.webui.exception.WebElementNotFoundException: Web element with id: 'Object Repository/Page_Test create private channel - test-cas_2f9e36/div_h13uct_1' located by 'By.xpath: //div[@id='suggestionList']/div[2]' not found
	at com.kms.katalon.core.webui.common.WebUiCommonHelper.findWebElement(WebUiCommonHelper.java:1154)
	at com.kms.katalon.core.webui.keyword.internal.WebUIAbstractKeyword.findWebElement(WebUIAbstractKeyword.groovy:27)
	at com.kms.katalon.core.webui.keyword.internal.WebUIAbstractKeyword.findWebElement(WebUIAbstractKeyword.groovy:26)
	at com.kms.katalon.core.webui.keyword.builtin.ClickKeyword$_click_closure1.doCall(ClickKeyword.groovy:67)
	at com.kms.katalon.core.webui.keyword.builtin.ClickKeyword$_click_closure1.call(ClickKeyword.groovy)
	at com.kms.katalon.core.webui.keyword.internal.WebUIKeywordMain.runKeyword(WebUIKeywordMain.groovy:20)
	... 19 more]]></system-err>
   </testsuite>
</testsuites>
